#
# There is insufficient memory for the Java Runtime Environment to continue.
# Native memory allocation (mmap) failed to map 22544384 bytes for committing reserved memory.
# Possible reasons:
#   The system is out of physical RAM or swap space
#   The process is running with CompressedOops enabled, and the Java Heap may be blocking the growth of the native heap
# Possible solutions:
#   Reduce memory load on the system
#   Increase physical memory or swap space
#   Check if swap backing store is full
#   Decrease Java heap size (-Xmx/-Xms)
#   Decrease number of Java threads
#   Decrease Java thread stack sizes (-Xss)
#   Set larger code cache with -XX:ReservedCodeCacheSize=
#   JVM is running with Unscaled Compressed Oops mode in which the Java heap is
#     placed in the first 4GB address space. The Java Heap base address is the
#     maximum limit for the native heap growth. Please use -XX:HeapBaseMinAddress
#     to set the Java Heap base and to place the Java Heap above 4GB virtual address.
# This output file may be truncated or incomplete.
#
#  Out of Memory Error (os_linux.cpp:2798), pid=7521, tid=0x00007f8cb2794700
#
# JRE version: OpenJDK Runtime Environment (8.0_292-b10) (build 1.8.0_292-8u292-b10-0ubuntu1~16.04.1-b10)
# Java VM: OpenJDK 64-Bit Server VM (25.292-b10 mixed mode linux-amd64 compressed oops)
# Failed to write core dump. Core dumps have been disabled. To enable core dumping, try "ulimit -c unlimited" before starting Java again
#

---------------  T H R E A D  ---------------

Current thread (0x00007f8cc8075000):  VMThread [stack: 0x00007f8cb2694000,0x00007f8cb2795000] [id=7528]

Stack: [0x00007f8cb2694000,0x00007f8cb2795000],  sp=0x00007f8cb2793340,  free space=1020k
Native frames: (J=compiled Java code, j=interpreted, Vv=VM code, C=native code)
V  [libjvm.so+0xb1e67b]
V  [libjvm.so+0x4e01dc]
V  [libjvm.so+0x95bc48]
V  [libjvm.so+0x953b3e]
V  [libjvm.so+0x9d4ad6]
V  [libjvm.so+0x9d5e03]
V  [libjvm.so+0x9d2204]
V  [libjvm.so+0x9cad39]
V  [libjvm.so+0x45fe93]
V  [libjvm.so+0xb1fc69]
V  [libjvm.so+0xb26067]
V  [libjvm.so+0xb23b43]
V  [libjvm.so+0xb23ee5]
V  [libjvm.so+0xb244b2]
V  [libjvm.so+0x958fe2]

VM_Operation (0x00007f8c7bef6f50): CollectForMetadataAllocation, mode: safepoint, requested by thread 0x00007f8c80008800


---------------  P R O C E S S  ---------------

Java Threads: ( => current thread )
  0x00007f8c7c231000 JavaThread "Cache worker for file hash cache (/home/hd/下载/demo/.gradle/6.6.1/fileHashes)" [_thread_blocked, id=7551, stack(0x00007f8c7aea3000,0x00007f8c7afa4000)]
  0x00007f8c7c206800 JavaThread "Cache worker for journal cache (/home/hd/.gradle/caches/journal-1)" [_thread_blocked, id=7550, stack(0x00007f8c7b3a4000,0x00007f8c7b4a5000)]
  0x00007f8c7c17d000 JavaThread "File lock request listener" [_thread_in_native, id=7549, stack(0x00007f8c7b6f9000,0x00007f8c7b7fa000)]
  0x00007f8c7c173000 JavaThread "Cache worker for file hash cache (/home/hd/.gradle/caches/6.6.1/fileHashes)" [_thread_blocked, id=7548, stack(0x00007f8c7b7fa000,0x00007f8c7b8fb000)]
  0x00007f8c7c012000 JavaThread "Thread-9" [_thread_blocked, id=7547, stack(0x00007f8c7bafb000,0x00007f8c7bbfc000)]
  0x00007f8c7c00b000 JavaThread "Stdin handler" [_thread_blocked, id=7546, stack(0x00007f8c7bbfc000,0x00007f8c7bcfd000)]
  0x00007f8c7c007000 JavaThread "Asynchronous log dispatcher for DefaultDaemonConnection: socket connection from /127.0.0.1:35117 to /127.0.0.1:49540" [_thread_blocked, id=7545, stack(0x00007f8c7bcfd000,0x00007f8c7bdfe000)]
  0x00007f8c80008800 JavaThread "Daemon worker" [_thread_blocked, id=7542, stack(0x00007f8c7bdfe000,0x00007f8c7beff000)]
  0x00007f8c80006800 JavaThread "Cancel handler" [_thread_blocked, id=7541, stack(0x00007f8c7beff000,0x00007f8c7c000000)]
  0x00007f8c80003800 JavaThread "Handler for socket connection from /127.0.0.1:35117 to /127.0.0.1:49540" [_thread_in_native, id=7540, stack(0x00007f8cb02cc000,0x00007f8cb03cd000)]
  0x00007f8c8802c000 JavaThread "Daemon" [_thread_blocked, id=7539, stack(0x00007f8cb03cd000,0x00007f8cb04ce000)]
  0x00007f8cc9349000 JavaThread "Daemon periodic checks" [_thread_blocked, id=7538, stack(0x00007f8cb04ce000,0x00007f8cb05cf000)]
  0x00007f8cc9327800 JavaThread "Incoming local TCP Connector on port 35117" [_thread_in_native, id=7537, stack(0x00007f8cb05d6000,0x00007f8cb06d7000)]
  0x00007f8cc92bd000 JavaThread "Daemon health stats" [_thread_blocked, id=7536, stack(0x00007f8cb08e8000,0x00007f8cb09e9000)]
  0x00007f8cc80bc800 JavaThread "Service Thread" daemon [_thread_blocked, id=7534, stack(0x00007f8cb1c03000,0x00007f8cb1d04000)]
  0x00007f8cc80b9800 JavaThread "C1 CompilerThread1" daemon [_thread_blocked, id=7533, stack(0x00007f8cb1d04000,0x00007f8cb1e05000)]
  0x00007f8cc80b6800 JavaThread "C2 CompilerThread0" daemon [_thread_blocked, id=7532, stack(0x00007f8cb1e05000,0x00007f8cb1f06000)]
  0x00007f8cc80b3800 JavaThread "Signal Dispatcher" daemon [_thread_blocked, id=7531, stack(0x00007f8cb1f06000,0x00007f8cb2007000)]
  0x00007f8cc8083000 JavaThread "Finalizer" daemon [_thread_blocked, id=7530, stack(0x00007f8cb2492000,0x00007f8cb2593000)]
  0x00007f8cc807e800 JavaThread "Reference Handler" daemon [_thread_blocked, id=7529, stack(0x00007f8cb2593000,0x00007f8cb2694000)]
  0x00007f8cc800b000 JavaThread "main" [_thread_blocked, id=7525, stack(0x00007f8ccfa22000,0x00007f8ccfb23000)]

Other Threads:
=>0x00007f8cc8075000 VMThread [stack: 0x00007f8cb2694000,0x00007f8cb2795000] [id=7528]
  0x00007f8cc80bf000 WatcherThread [stack: 0x00007f8cb1b02000,0x00007f8cb1c03000] [id=7535]

VM state:at safepoint (normal execution)

VM Mutex/Monitor currently owned by a thread:  ([mutex/lock_event])
[0x00007f8cc80073e0] Threads_lock - owner thread: 0x00007f8cc8075000
[0x00007f8cc80078e0] Heap_lock - owner thread: 0x00007f8c80008800

heap address: 0x00000000e0000000, size: 512 MB, Compressed Oops mode: 32-bit
Narrow klass base: 0x0000000000000000, Narrow klass shift: 3
Compressed class space size: 1073741824 Address: 0x0000000100000000

Heap:
 PSYoungGen      total 141824K, used 10744K [0x00000000f5580000, 0x00000000fea80000, 0x0000000100000000)
  eden space 131072K, 0% used [0x00000000f5580000,0x00000000f5580000,0x00000000fd580000)
  from space 10752K, 99% used [0x00000000fd580000,0x00000000fdffe250,0x00000000fe000000)
  to   space 10752K, 0% used [0x00000000fe000000,0x00000000fe000000,0x00000000fea80000)
 ParOldGen       total 175104K, used 1428K [0x00000000e0000000, 0x00000000eab00000, 0x00000000f5580000)
  object space 175104K, 0% used [0x00000000e0000000,0x00000000e0165168,0x00000000eab00000)
 Metaspace       used 20451K, capacity 21188K, committed 21296K, reserved 1067008K
  class space    used 3004K, capacity 3190K, committed 3200K, reserved 1048576K

Card table byte_map: [0x00007f8cb8eff000,0x00007f8cb9000000] byte_map_base: 0x00007f8cb87ff000

Marking Bits: (ParMarkBitMap*) 0x00007f8cceceb8a0
 Begin Bits: [0x00007f8cb3000000, 0x00007f8cb3800000)
 End Bits:   [0x00007f8cb3800000, 0x00007f8cb4000000)

Polling page: 0x00007f8ccfb3f000

CodeCache: size=245760Kb used=5854Kb max_used=5855Kb free=239905Kb
 bounds [0x00007f8cb9000000, 0x00007f8cb95c0000, 0x00007f8cc8000000]
 total_blobs=2131 nmethods=1720 adapters=324
 compilation: enabled

Compilation events (10 events):
Event: 23.633 Thread 0x00007f8cc80b9800 1720   !   3       org.gradle.internal.reflect.JavaMethod::invoke (74 bytes)
Event: 23.686 Thread 0x00007f8cc80b6800 nmethod 1718 0x00007f8cb95b9a50 code [0x00007f8cb95b9c60, 0x00007f8cb95bac20]
Event: 24.026 Thread 0x00007f8cc80b9800 nmethod 1720 0x00007f8cb95b7410 code [0x00007f8cb95b76e0, 0x00007f8cb95b8d38]
Event: 24.028 Thread 0x00007f8cc80b9800 1721       3       java.util.HashMap::get (23 bytes)
Event: 24.029 Thread 0x00007f8cc80b9800 nmethod 1721 0x00007f8cb95b23d0 code [0x00007f8cb95b2560, 0x00007f8cb95b2958]
Event: 24.029 Thread 0x00007f8cc80b9800 1722       3       org.gradle.internal.service.DefaultServiceRegistry$SingletonService::getAll (23 bytes)
Event: 24.079 Thread 0x00007f8cc80b9800 nmethod 1722 0x00007f8cb95b6e10 code [0x00007f8cb95b6fa0, 0x00007f8cb95b72e8]
Event: 24.079 Thread 0x00007f8cc80b9800 1723       1       java.util.Collections$EmptyIterator::hasNext (2 bytes)
Event: 24.079 Thread 0x00007f8cc80b9800 nmethod 1723 0x00007f8cb959bad0 code [0x00007f8cb959bc20, 0x00007f8cb959bd30]
Event: 24.277 Thread 0x00007f8cc80b9800 1725       3       sun.security.provider.MD5::GG (33 bytes)

GC Heap History (5 events):
Event: 1.595 GC heap before
{Heap before GC invocations=1 (full 0):
 PSYoungGen      total 76288K, used 65536K [0x00000000f5580000, 0x00000000faa80000, 0x0000000100000000)
  eden space 65536K, 100% used [0x00000000f5580000,0x00000000f9580000,0x00000000f9580000)
  from space 10752K, 0% used [0x00000000fa000000,0x00000000fa000000,0x00000000faa80000)
  to   space 10752K, 0% used [0x00000000f9580000,0x00000000f9580000,0x00000000fa000000)
 ParOldGen       total 175104K, used 0K [0x00000000e0000000, 0x00000000eab00000, 0x00000000f5580000)
  object space 175104K, 0% used [0x00000000e0000000,0x00000000e0000000,0x00000000eab00000)
 Metaspace       used 7882K, capacity 8192K, committed 8320K, reserved 1056768K
  class space    used 1018K, capacity 1111K, committed 1152K, reserved 1048576K
Event: 1.667 GC heap after
Heap after GC invocations=1 (full 0):
 PSYoungGen      total 76288K, used 6339K [0x00000000f5580000, 0x00000000fea80000, 0x0000000100000000)
  eden space 65536K, 0% used [0x00000000f5580000,0x00000000f5580000,0x00000000f9580000)
  from space 10752K, 58% used [0x00000000f9580000,0x00000000f9bb0c38,0x00000000fa000000)
  to   space 10752K, 0% used [0x00000000fe000000,0x00000000fe000000,0x00000000fea80000)
 ParOldGen       total 175104K, used 0K [0x00000000e0000000, 0x00000000eab00000, 0x00000000f5580000)
  object space 175104K, 0% used [0x00000000e0000000,0x00000000e0000000,0x00000000eab00000)
 Metaspace       used 7882K, capacity 8192K, committed 8320K, reserved 1056768K
  class space    used 1018K, capacity 1111K, committed 1152K, reserved 1048576K
}
Event: 4.311 GC heap before
{Heap before GC invocations=2 (full 0):
 PSYoungGen      total 76288K, used 71875K [0x00000000f5580000, 0x00000000fea80000, 0x0000000100000000)
  eden space 65536K, 100% used [0x00000000f5580000,0x00000000f9580000,0x00000000f9580000)
  from space 10752K, 58% used [0x00000000f9580000,0x00000000f9bb0c38,0x00000000fa000000)
  to   space 10752K, 0% used [0x00000000fe000000,0x00000000fe000000,0x00000000fea80000)
 ParOldGen       total 175104K, used 0K [0x00000000e0000000, 0x00000000eab00000, 0x00000000f5580000)
  object space 175104K, 0% used [0x00000000e0000000,0x00000000e0000000,0x00000000eab00000)
 Metaspace       used 14953K, capacity 15500K, committed 15872K, reserved 1062912K
  class space    used 2092K, capacity 2228K, committed 2304K, reserved 1048576K
Event: 4.362 GC heap after
Heap after GC invocations=2 (full 0):
 PSYoungGen      total 141824K, used 9592K [0x00000000f5580000, 0x00000000fea80000, 0x0000000100000000)
  eden space 131072K, 0% used [0x00000000f5580000,0x00000000f5580000,0x00000000fd580000)
  from space 10752K, 89% used [0x00000000fe000000,0x00000000fe95e318,0x00000000fea80000)
  to   space 10752K, 0% used [0x00000000fd580000,0x00000000fd580000,0x00000000fe000000)
 ParOldGen       total 175104K, used 8K [0x00000000e0000000, 0x00000000eab00000, 0x00000000f5580000)
  object space 175104K, 0% used [0x00000000e0000000,0x00000000e0002000,0x00000000eab00000)
 Metaspace       used 14953K, capacity 15500K, committed 15872K, reserved 1062912K
  class space    used 2092K, capacity 2228K, committed 2304K, reserved 1048576K
}
Event: 24.521 GC heap before
{Heap before GC invocations=3 (full 0):
 PSYoungGen      total 141824K, used 94349K [0x00000000f5580000, 0x00000000fea80000, 0x0000000100000000)
  eden space 131072K, 64% used [0x00000000f5580000,0x00000000fa8451b0,0x00000000fd580000)
  from space 10752K, 89% used [0x00000000fe000000,0x00000000fe95e318,0x00000000fea80000)
  to   space 10752K, 0% used [0x00000000fd580000,0x00000000fd580000,0x00000000fe000000)
 ParOldGen       total 175104K, used 8K [0x00000000e0000000, 0x00000000eab00000, 0x00000000f5580000)
  object space 175104K, 0% used [0x00000000e0000000,0x00000000e0002000,0x00000000eab00000)
 Metaspace       used 20451K, capacity 21188K, committed 21296K, reserved 1067008K
  class space    used 3004K, capacity 3190K, committed 3200K, reserved 1048576K

Deoptimization events (10 events):
Event: 5.475 Thread 0x00007f8c80008800 Uncommon trap: reason=unstable_if action=reinterpret pc=0x00007f8cb9303134 method=java.util.LinkedHashMap.afterNodeInsertion(Z)V @ 1
Event: 5.477 Thread 0x00007f8c80008800 Uncommon trap: reason=unstable_if action=reinterpret pc=0x00007f8cb92b4224 method=java.util.HashMap.getNode(ILjava/lang/Object;)Ljava/util/HashMap$Node; @ 129
Event: 5.492 Thread 0x00007f8c80008800 Uncommon trap: reason=unstable_if action=reinterpret pc=0x00007f8cb9258c6c method=java.util.HashMap.getNode(ILjava/lang/Object;)Ljava/util/HashMap$Node; @ 129
Event: 9.551 Thread 0x00007f8c80008800 Uncommon trap: reason=unstable_if action=reinterpret pc=0x00007f8cb94b2c68 method=java.util.jar.Attributes$Name.isDigit(C)Z @ 3
Event: 12.434 Thread 0x00007f8c80008800 Uncommon trap: reason=unstable_if action=reinterpret pc=0x00007f8cb951e024 method=java.util.concurrent.ConcurrentHashMap.addCount(JI)V @ 168
Event: 12.440 Thread 0x00007f8c80008800 Uncommon trap: reason=unstable_if action=reinterpret pc=0x00007f8cb9579df8 method=java.util.concurrent.ConcurrentHashMap.transfer([Ljava/util/concurrent/ConcurrentHashMap$Node;[Ljava/util/concurrent/ConcurrentHashMap$Node;)V @ 34
Event: 12.457 Thread 0x00007f8c80008800 Uncommon trap: reason=unstable_if action=reinterpret pc=0x00007f8cb947391c method=java.util.concurrent.ConcurrentHashMap.transfer([Ljava/util/concurrent/ConcurrentHashMap$Node;[Ljava/util/concurrent/ConcurrentHashMap$Node;)V @ 277
Event: 12.461 Thread 0x00007f8c80008800 Uncommon trap: reason=unstable_if action=reinterpret pc=0x00007f8cb9470be0 method=java.util.concurrent.ConcurrentHashMap.addCount(JI)V @ 168
Event: 21.967 Thread 0x00007f8c80008800 Uncommon trap: reason=unstable_if action=reinterpret pc=0x00007f8cb9588a0c method=java.util.HashMap.hash(Ljava/lang/Object;)I @ 1
Event: 23.466 Thread 0x00007f8c80008800 Uncommon trap: reason=unstable_if action=reinterpret pc=0x00007f8cb9576328 method=java.util.HashMap.hash(Ljava/lang/Object;)I @ 1

Classes redefined (0 events):
No events

Internal exceptions (10 events):
Event: 2.602 Thread 0x00007f8c80003800 Exception <a 'java/lang/NoSuchMethodError': <clinit>> (0x00000000f6fc90f8) thrown at [/build/openjdk-8-RKFhH1/openjdk-8-8u292-b10/src/hotspot/src/share/vm/prims/jni.cpp, line 1616]
Event: 2.670 Thread 0x00007f8c80003800 Exception <a 'java/lang/NoSuchMethodError': <clinit>> (0x00000000f6fffea8) thrown at [/build/openjdk-8-RKFhH1/openjdk-8-8u292-b10/src/hotspot/src/share/vm/prims/jni.cpp, line 1616]
Event: 3.906 Thread 0x00007f8c80008800 Exception <a 'java/lang/NoSuchMethodError': java.lang.Object.lambda$static$0(Lorg/gradle/internal/state/ModelObject;)Ljava/lang/String;> (0x00000000f8e24ec0) thrown at [/build/openjdk-8-RKFhH1/openjdk-8-8u292-b10/src/hotspot/src/share/vm/interpreter/linkR
Event: 4.368 Thread 0x00007f8c80008800 Exception <a 'java/lang/NoSuchMethodError': java.lang.Object.lambda$and$0(Ljava/util/function/Predicate;Ljava/lang/Object;)Z> (0x00000000f55aad30) thrown at [/build/openjdk-8-RKFhH1/openjdk-8-8u292-b10/src/hotspot/src/share/vm/interpreter/linkResolver.cpp
Event: 4.409 Thread 0x00007f8c80008800 Exception <a 'java/lang/IncompatibleClassChangeError': Found class java.lang.Object, but interface was expected> (0x00000000f55bb210) thrown at [/build/openjdk-8-RKFhH1/openjdk-8-8u292-b10/src/hotspot/src/share/vm/interpreter/linkResolver.cpp, line 653]
Event: 4.419 Thread 0x00007f8c80008800 Exception <a 'java/lang/NoSuchMethodError': java.lang.Object.lambda$or$2(Ljava/util/function/Predicate;Ljava/lang/Object;)Z> (0x00000000f55bff48) thrown at [/build/openjdk-8-RKFhH1/openjdk-8-8u292-b10/src/hotspot/src/share/vm/interpreter/linkResolver.cpp,
Event: 4.566 Thread 0x00007f8c80008800 Exception <a 'java/lang/NoSuchMethodError': java.lang.Object.lambda$comparing$77a9974f$1(Ljava/util/function/Function;Ljava/lang/Object;Ljava/lang/Object;)I> (0x00000000f5b6eba0) thrown at [/build/openjdk-8-RKFhH1/openjdk-8-8u292-b10/src/hotspot/src/share
Event: 17.088 Thread 0x00007f8c80008800 Exception <a 'java/lang/NoSuchMethodError': java.lang.Object.lambda$static$1(Lorg/gradle/internal/snapshot/SnapshotHierarchy$DiffCapturingUpdateFunction;)Lorg/gradle/internal/snapshot/AtomicSnapshotHierarchyReference$UpdateFunction;> (0x00000000f909bc90) 
Event: 21.965 Thread 0x00007f8c80008800 Implicit null exception at 0x00007f8cb95887f5 to 0x00007f8cb95889fd
Event: 23.448 Thread 0x00007f8c80008800 Implicit null exception at 0x00007f8cb95762af to 0x00007f8cb9576319

Events (10 events):
Event: 24.233 loading class org/gradle/internal/fingerprint/classpath/impl/DefaultCompileClasspathFingerprinter done
Event: 24.241 loading class org/gradle/api/internal/changedetection/state/AbiExtractingClasspathResourceHasher
Event: 24.241 loading class org/gradle/api/internal/changedetection/state/AbiExtractingClasspathResourceHasher done
Event: 24.277 loading class org/gradle/api/internal/project/ConfigurationOnDemandProjectAccessListener
Event: 24.277 loading class org/gradle/api/internal/project/ConfigurationOnDemandProjectAccessListener done
Event: 24.279 loading class org/gradle/api/internal/artifacts/ivyservice/ivyresolve/ModuleComponentRepository
Event: 24.279 loading class org/gradle/api/internal/artifacts/ivyservice/ivyresolve/ModuleComponentRepository done
Event: 24.282 loading class org/gradle/api/internal/artifacts/ivyservice/resolveengine/result/DesugaredAttributeContainerSerializer
Event: 24.282 loading class org/gradle/api/internal/artifacts/ivyservice/resolveengine/result/DesugaredAttributeContainerSerializer done
Event: 24.285 Executing VM operation: CollectForMetadataAllocation


Dynamic libraries:
e0000000-eab00000 rw-p 00000000 00:00 0 
eab00000-f5580000 ---p 00000000 00:00 0 
f5580000-fea80000 rw-p 00000000 00:00 0 
100000000-100320000 rw-p 00000000 00:00 0 
100320000-140000000 ---p 00000000 00:00 0 
55797486e000-55797486f000 r-xp 00000000 08:01 658929                     /usr/lib/jvm/java-8-openjdk-amd64/jre/bin/java
557974a6e000-557974a6f000 r--p 00000000 08:01 658929                     /usr/lib/jvm/java-8-openjdk-amd64/jre/bin/java
557974a6f000-557974a70000 rw-p 00001000 08:01 658929                     /usr/lib/jvm/java-8-openjdk-amd64/jre/bin/java
557975b67000-557975baa000 rw-p 00000000 00:00 0                          [heap]
7f8c7aea3000-7f8c7aea6000 ---p 00000000 00:00 0 
7f8c7aea6000-7f8c7b150000 rw-p 00000000 00:00 0 
7f8c7b150000-7f8c7b1a4000 ---p 00000000 00:00 0 
7f8c7b1a4000-7f8c7b3a4000 rw-p 00000000 00:00 0 
7f8c7b3a4000-7f8c7b3a7000 ---p 00000000 00:00 0 
7f8c7b3a7000-7f8c7b4a5000 rw-p 00000000 00:00 0 
7f8c7b4a5000-7f8c7b4f6000 r-xp 00000000 08:01 662009                     /home/hd/.gradle/native/9f2fa17c089eee584f3420100432f77ec4c098959e4bf121a4d6054c26537dfb/linux-amd64/libnative-platform-file-events.so
7f8c7b4f6000-7f8c7b6f6000 ---p 00051000 08:01 662009                     /home/hd/.gradle/native/9f2fa17c089eee584f3420100432f77ec4c098959e4bf121a4d6054c26537dfb/linux-amd64/libnative-platform-file-events.so
7f8c7b6f6000-7f8c7b6f7000 r--p 00051000 08:01 662009                     /home/hd/.gradle/native/9f2fa17c089eee584f3420100432f77ec4c098959e4bf121a4d6054c26537dfb/linux-amd64/libnative-platform-file-events.so
7f8c7b6f7000-7f8c7b6f9000 rw-p 00052000 08:01 662009                     /home/hd/.gradle/native/9f2fa17c089eee584f3420100432f77ec4c098959e4bf121a4d6054c26537dfb/linux-amd64/libnative-platform-file-events.so
7f8c7b6f9000-7f8c7b6fc000 ---p 00000000 00:00 0 
7f8c7b6fc000-7f8c7b7fa000 rw-p 00000000 00:00 0 
7f8c7b7fa000-7f8c7b7fd000 ---p 00000000 00:00 0 
7f8c7b7fd000-7f8c7bafb000 rw-p 00000000 00:00 0 
7f8c7bafb000-7f8c7bafe000 ---p 00000000 00:00 0 
7f8c7bafe000-7f8c7bbfc000 rw-p 00000000 00:00 0 
7f8c7bbfc000-7f8c7bbff000 ---p 00000000 00:00 0 
7f8c7bbff000-7f8c7bcfd000 rw-p 00000000 00:00 0 
7f8c7bcfd000-7f8c7bd00000 ---p 00000000 00:00 0 
7f8c7bd00000-7f8c7bdfe000 rw-p 00000000 00:00 0 
7f8c7bdfe000-7f8c7be01000 ---p 00000000 00:00 0 
7f8c7be01000-7f8c7beff000 rw-p 00000000 00:00 0 
7f8c7beff000-7f8c7bf02000 ---p 00000000 00:00 0 
7f8c7bf02000-7f8c7c000000 rw-p 00000000 00:00 0 
7f8c7c000000-7f8c7c5ee000 rw-p 00000000 00:00 0 
7f8c7c5ee000-7f8c80000000 ---p 00000000 00:00 0 
7f8c80000000-7f8c80021000 rw-p 00000000 00:00 0 
7f8c80021000-7f8c84000000 ---p 00000000 00:00 0 
7f8c84000000-7f8c84021000 rw-p 00000000 00:00 0 
7f8c84021000-7f8c88000000 ---p 00000000 00:00 0 
7f8c88000000-7f8c88067000 rw-p 00000000 00:00 0 
7f8c88067000-7f8c8c000000 ---p 00000000 00:00 0 
7f8c8c000000-7f8c8c021000 rw-p 00000000 00:00 0 
7f8c8c021000-7f8c90000000 ---p 00000000 00:00 0 
7f8c90000000-7f8c906bc000 rw-p 00000000 00:00 0 
7f8c906bc000-7f8c94000000 ---p 00000000 00:00 0 
7f8c94000000-7f8c94021000 rw-p 00000000 00:00 0 
7f8c94021000-7f8c98000000 ---p 00000000 00:00 0 
7f8c98000000-7f8c98021000 rw-p 00000000 00:00 0 
7f8c98021000-7f8c9c000000 ---p 00000000 00:00 0 
7f8c9c000000-7f8c9da97000 rw-p 00000000 00:00 0 
7f8c9da97000-7f8ca0000000 ---p 00000000 00:00 0 
7f8ca0000000-7f8ca0021000 rw-p 00000000 00:00 0 
7f8ca0021000-7f8ca4000000 ---p 00000000 00:00 0 
7f8ca4000000-7f8ca4021000 rw-p 00000000 00:00 0 
7f8ca4021000-7f8ca8000000 ---p 00000000 00:00 0 
7f8ca8000000-7f8ca8021000 rw-p 00000000 00:00 0 
7f8ca8021000-7f8cac000000 ---p 00000000 00:00 0 
7f8cac000000-7f8cac021000 rw-p 00000000 00:00 0 
7f8cac021000-7f8cb0000000 ---p 00000000 00:00 0 
7f8cb0031000-7f8cb0052000 r--p 00000000 08:01 1316669                    /usr/share/locale-langpack/zh_CN/LC_MESSAGES/libc.mo
7f8cb0052000-7f8cb00cc000 r--s 01106000 08:01 659010                     /usr/lib/jvm/java-8-openjdk-amd64/lib/tools.jar
7f8cb00cc000-7f8cb02cc000 rw-p 00000000 00:00 0 
7f8cb02cc000-7f8cb02cf000 ---p 00000000 00:00 0 
7f8cb02cf000-7f8cb03cd000 rw-p 00000000 00:00 0 
7f8cb03cd000-7f8cb03d0000 ---p 00000000 00:00 0 
7f8cb03d0000-7f8cb04ce000 rw-p 00000000 00:00 0 
7f8cb04ce000-7f8cb04d1000 ---p 00000000 00:00 0 
7f8cb04d1000-7f8cb05cf000 rw-p 00000000 00:00 0 
7f8cb05cf000-7f8cb05d6000 r--s 00000000 08:01 1051233                    /usr/lib/x86_64-linux-gnu/gconv/gconv-modules.cache
7f8cb05d6000-7f8cb05d9000 ---p 00000000 00:00 0 
7f8cb05d9000-7f8cb06d7000 rw-p 00000000 00:00 0 
7f8cb06d7000-7f8cb06e8000 r--s 001bf000 08:01 658813                     /usr/lib/jvm/java-8-openjdk-amd64/jre/lib/jsse.jar
7f8cb06e8000-7f8cb08e8000 rw-p 00000000 00:00 0 
7f8cb08e8000-7f8cb08eb000 ---p 00000000 00:00 0 
7f8cb08eb000-7f8cb09e9000 rw-p 00000000 00:00 0 
7f8cb09e9000-7f8cb09f2000 r-xp 00000000 08:01 658857                     /usr/lib/jvm/java-8-openjdk-amd64/jre/lib/amd64/libmanagement.so
7f8cb09f2000-7f8cb0bf1000 ---p 00009000 08:01 658857                     /usr/lib/jvm/java-8-openjdk-amd64/jre/lib/amd64/libmanagement.so
7f8cb0bf1000-7f8cb0bf2000 r--p 00008000 08:01 658857                     /usr/lib/jvm/java-8-openjdk-amd64/jre/lib/amd64/libmanagement.so
7f8cb0bf2000-7f8cb0bf3000 rw-p 00009000 08:01 658857                     /usr/lib/jvm/java-8-openjdk-amd64/jre/lib/amd64/libmanagement.so
7f8cb0bf3000-7f8cb0bf5000 r--s 00010000 08:01 661870                     /home/hd/.gradle/wrapper/dists/gradle-6.6.1-bin/du4tvj86lhti6iga1v8h7pckb/gradle-6.6.1/lib/plugins/gradle-tooling-api-builders-6.6.1.jar
7f8cb0bf5000-7f8cb0bf7000 r--s 00009000 08:01 661906                     /home/hd/.gradle/wrapper/dists/gradle-6.6.1-bin/du4tvj86lhti6iga1v8h7pckb/gradle-6.6.1/lib/plugins/gradle-test-kit-6.6.1.jar
7f8cb0bf7000-7f8cb0c0e000 r--s 00150000 08:01 661872                     /home/hd/.gradle/wrapper/dists/gradle-6.6.1-bin/du4tvj86lhti6iga1v8h7pckb/gradle-6.6.1/lib/plugins/gradle-instant-execution-6.6.1.jar
7f8cb0c0e000-7f8cb0c0f000 r--s 00005000 08:01 661864                     /home/hd/.gradle/wrapper/dists/gradle-6.6.1-bin/du4tvj86lhti6iga1v8h7pckb/gradle-6.6.1/lib/plugins/gradle-build-profile-6.6.1.jar
7f8cb0c0f000-7f8cb0c36000 r--s 00292000 08:01 661914                     /home/hd/.gradle/wrapper/dists/gradle-6.6.1-bin/du4tvj86lhti6iga1v8h7pckb/gradle-6.6.1/lib/plugins/org.eclipse.jgit-5.7.0.202003110725-r.jar
7f8cb0c36000-7f8cb0c38000 r--s 00010000 08:01 661970                     /home/hd/.gradle/wrapper/dists/gradle-6.6.1-bin/du4tvj86lhti6iga1v8h7pckb/gradle-6.6.1/lib/plugins/jzlib-1.1.3.jar
7f8cb0c38000-7f8cb0c4c000 r--s 000c3000 08:01 661935                     /home/hd/.gradle/wrapper/dists/gradle-6.6.1-bin/du4tvj86lhti6iga1v8h7pckb/gradle-6.6.1/lib/plugins/bcpkix-jdk15on-1.64.jar
7f8cb0c4c000-7f8cb0c4e000 r--s 0000d000 08:01 661900                     /home/hd/.gradle/wrapper/dists/gradle-6.6.1-bin/du4tvj86lhti6iga1v8h7pckb/gradle-6.6.1/lib/plugins/gradle-version-control-6.6.1.jar
7f8cb0c4e000-7f8cb0c50000 r--s 00003000 08:01 661875                     /home/hd/.gradle/wrapper/dists/gradle-6.6.1-bin/du4tvj86lhti6iga1v8h7pckb/gradle-6.6.1/lib/plugins/gradle-tooling-native-6.6.1.jar
7f8cb0c50000-7f8cb0c54000 r--s 00017000 08:01 661882                     /home/hd/.gradle/wrapper/dists/gradle-6.6.1-bin/du4tvj86lhti6iga1v8h7pckb/gradle-6.6.1/lib/plugins/gradle-testing-native-6.6.1.jar
7f8cb0c54000-7f8cb0c55000 r--s 00001000 08:01 661987                     /home/hd/.gradle/wrapper/dists/gradle-6.6.1-bin/du4tvj86lhti6iga1v8h7pckb/gradle-6.6.1/lib/plugins/opentest4j-1.2.0.jar
7f8cb0c55000-7f8cb0c58000 r--s 0001b000 08:01 661954                     /home/hd/.gradle/wrapper/dists/gradle-6.6.1-bin/du4tvj86lhti6iga1v8h7pckb/gradle-6.6.1/lib/plugins/junit-platform-launcher-1.6.2.jar
7f8cb0c58000-7f8cb0c5d000 r--s 00026000 08:01 661952                     /home/hd/.gradle/wrapper/dists/gradle-6.6.1-bin/du4tvj86lhti6iga1v8h7pckb/gradle-6.6.1/lib/plugins/junit-platform-engine-1.6.2.jar
7f8cb0c5d000-7f8cb0c5f000 r--s 00016000 08:01 661953                     /home/hd/.gradle/wrapper/dists/gradle-6.6.1-bin/du4tvj86lhti6iga1v8h7pckb/gradle-6.6.1/lib/plugins/junit-platform-commons-1.6.2.jar
7f8cb0c5f000-7f8cb0c60000 r--s 00000000 08:01 661986                     /home/hd/.gradle/wrapper/dists/gradle-6.6.1-bin/du4tvj86lhti6iga1v8h7pckb/gradle-6.6.1/lib/plugins/apiguardian-api-1.1.0.jar
7f8cb0c60000-7f8cb0c61000 r--s 00003000 08:01 661890                     /home/hd/.gradle/wrapper/dists/gradle-6.6.1-bin/du4tvj86lhti6iga1v8h7pckb/gradle-6.6.1/lib/plugins/gradle-testing-junit-platform-6.6.1.jar
7f8cb0c61000-7f8cb0c63000 r--s 0000a000 08:01 661874                     /home/hd/.gradle/wrapper/dists/gradle-6.6.1-bin/du4tvj86lhti6iga1v8h7pckb/gradle-6.6.1/lib/plugins/gradle-signing-6.6.1.jar
7f8cb0c63000-7f8cb0c66000 r--s 0000a000 08:01 661878                     /home/hd/.gradle/wrapper/dists/gradle-6.6.1-bin/du4tvj86lhti6iga1v8h7pckb/gradle-6.6.1/lib/plugins/gradle-scala-6.6.1.jar
7f8cb0c66000-7f8cb0c6a000 r--s 00041000 08:01 661949                     /home/hd/.gradle/wrapper/dists/gradle-6.6.1-bin/du4tvj86lhti6iga1v8h7pckb/gradle-6.6.1/lib/plugins/jsch-0.1.55.jar
7f8cb0c6a000-7f8cb0c6b000 r--s 00004000 08:01 661912                     /home/hd/.gradle/wrapper/dists/gradle-6.6.1-bin/du4tvj86lhti6iga1v8h7pckb/gradle-6.6.1/lib/plugins/gradle-resources-sftp-6.6.1.jar
7f8cb0c6b000-7f8cb0c6d000 r--s 00005000 08:01 661941                     /home/hd/.gradle/wrapper/dists/gradle-6.6.1-bin/du4tvj86lhti6iga1v8h7pckb/gradle-6.6.1/lib/plugins/jmespath-java-1.11.633.jar
7f8cb0c6d000-7f8cb0c77000 r--s 00081000 08:01 661985                     /home/hd/.gradle/wrapper/dists/gradle-6.6.1-bin/du4tvj86lhti6iga1v8h7pckb/gradle-6.6.1/lib/plugins/ion-java-1.0.2.jar
7f8cb0c77000-7f8cb0c8e000 r--s 000e1000 08:01 661931                     /home/hd/.gradle/wrapper/dists/gradle-6.6.1-bin/du4tvj86lhti6iga1v8h7pckb/gradle-6.6.1/lib/plugins/aws-java-sdk-s3-1.11.633.jar
7f8cb0c8e000-7f8cb0c99000 r--s 00074000 08:01 661932                     /home/hd/.gradle/wrapper/dists/gradle-6.6.1-bin/du4tvj86lhti6iga1v8h7pckb/gradle-6.6.1/lib/plugins/aws-java-sdk-kms-1.11.633.jar
7f8cb0c99000-7f8cb0cb0000 r--s 000d5000 08:01 661933                     /home/hd/.gradle/wrapper/dists/gradle-6.6.1-bin/du4tvj86lhti6iga1v8h7pckb/gradle-6.6.1/lib/plugins/aws-java-sdk-core-1.11.633.jar
7f8cb0cb0000-7f8cb0cb2000 r--s 00004000 08:01 661907                     /home/hd/.gradle/wrapper/dists/gradle-6.6.1-bin/du4tvj86lhti6iga1v8h7pckb/gradle-6.6.1/lib/plugins/gradle-resources-s3-6.6.1.jar
7f8cb0cb2000-7f8cb0cc2000 r--s 0008d000 08:01 661948                     /home/hd/.gradle/wrapper/dists/gradle-6.6.1-bin/du4tvj86lhti6iga1v8h7pckb/gradle-6.6.1/lib/plugins/joda-time-2.10.4.jar
7f8cb0cc2000-7f8cb0cd7000 r--s 00142000 08:01 661942                     /home/hd/.gradle/wrapper/dists/gradle-6.6.1-bin/du4tvj86lhti6iga1v8h7pckb/gradle-6.6.1/lib/plugins/jackson-databind-2.10.2.jar
7f8cb0cd7000-7f8cb0cdc000 r--s 00051000 08:01 661943                     /home/hd/.gradle/wrapper/dists/gradle-6.6.1-bin/du4tvj86lhti6iga1v8h7pckb/gradle-6.6.1/lib/plugins/jackson-core-2.10.2.jar
7f8cb0cdc000-7f8cb0cdf000 r--s 0000e000 08:01 661944                     /home/hd/.gradle/wrapper/dists/gradle-6.6.1-bin/du4tvj86lhti6iga1v8h7pckb/gradle-6.6.1/lib/plugins/jackson-annotations-2.10.2.jar
7f8cb0cdf000-7f8cb0ce2000 r--s 0000d000 08:01 661922                     /home/hd/.gradle/wrapper/dists/gradle-6.6.1-bin/du4tvj86lhti6iga1v8h7pckb/gradle-6.6.1/lib/plugins/google-oauth-client-1.25.0.jar
7f8cb0ce2000-7f8cb0ce3000 r--s 00001000 08:01 661923                     /home/hd/.gradle/wrapper/dists/gradle-6.6.1-bin/du4tvj86lhti6iga1v8h7pckb/gradle-6.6.1/lib/plugins/google-http-client-jackson2-1.25.0.jar
7f8cb0ce3000-7f8cb0ced000 r--s 00056000 08:01 661924                     /home/hd/.gradle/wrapper/dists/gradle-6.6.1-bin/du4tvj86lhti6iga1v8h7pckb/gradle-6.6.1/lib/plugins/google-http-client-1.25.0.jar
7f8cb0ced000-7f8cb0cf1000 r--s 0001d000 08:01 661917                     /home/hd/.gradle/wrapper/dists/gradle-6.6.1-bin/du4tvj86lhti6iga1v8h7pckb/gradle-6.6.1/lib/plugins/google-api-services-storage-v1-rev136-1.25.0.jar
7f8cb0cf1000-7f8cb0cf6000 r--s 0002d000 08:01 661918                     /home/hd/.gradle/wrapper/dists/gradle-6.6.1-bin/du4tvj86lhti6iga1v8h7pckb/gradle-6.6.1/lib/plugins/google-api-client-1.25.0.jar
7f8cb0cf6000-7f8cb0cf8000 r--s 00003000 08:01 661908                     /home/hd/.gradle/wrapper/dists/gradle-6.6.1-bin/du4tvj86lhti6iga1v8h7pckb/gradle-6.6.1/lib/plugins/gradle-resources-gcs-6.6.1.jar
7f8cb0cf8000-7f8cb0cff000 r--s 00030000 08:01 661868                     /home/hd/.gradle/wrapper/dists/gradle-6.6.1-bin/du4tvj86lhti6iga1v8h7pckb/gradle-6.6.1/lib/plugins/gradle-platform-play-6.6.1.jar
7f8cb0cff000-7f8cb0d11000 r--s 00078000 08:01 661884                     /home/hd/.gradle/wrapper/dists/gradle-6.6.1-bin/du4tvj86lhti6iga1v8h7pckb/gradle-6.6.1/lib/plugins/gradle-platform-native-6.6.1.jar
7f8cb0d11000-7f8cb0d14000 r--s 00010000 08:01 661889                     /home/hd/.gradle/wrapper/dists/gradle-6.6.1-bin/du4tvj86lhti6iga1v8h7pckb/gradle-6.6.1/lib/plugins/gradle-language-scala-6.6.1.jar
7f8cb0d14000-7f8cb0d20000 r--s 00053000 08:01 661883                     /home/hd/.gradle/wrapper/dists/gradle-6.6.1-bin/du4tvj86lhti6iga1v8h7pckb/gradle-6.6.1/lib/plugins/gradle-language-native-6.6.1.jar
7f8cb0d20000-7f8cb0d27000 r--s 00035000 08:01 661927                     /home/hd/.gradle/wrapper/dists/gradle-6.6.1-bin/du4tvj86lhti6iga1v8h7pckb/gradle-6.6.1/lib/plugins/simple-4.1.21.jar
7f8cb0d27000-7f8cb0d34000 r--s 00125000 08:01 661925                     /home/hd/.gradle/wrapper/dists/gradle-6.6.1-bin/du4tvj86lhti6iga1v8h7pckb/gradle-6.6.1/lib/plugins/rhino-1.7.10.jar
7f8cb0d34000-7f8cb0d38000 r--s 00012000 08:01 661869                     /home/hd/.gradle/wrapper/dists/gradle-6.6.1-bin/du4tvj86lhti6iga1v8h7pckb/gradle-6.6.1/lib/plugins/gradle-javascript-6.6.1.jar
7f8cb0d38000-7f8cb0d3b000 r--s 00011000 08:01 661881                     /home/hd/.gradle/wrapper/dists/gradle-6.6.1-bin/du4tvj86lhti6iga1v8h7pckb/gradle-6.6.1/lib/plugins/gradle-jacoco-6.6.1.jar
7f8cb0d3b000-7f8cb0d3d000 r--s 00002000 08:01 661867                     /home/hd/.gradle/wrapper/dists/gradle-6.6.1-bin/du4tvj86lhti6iga1v8h7pckb/gradle-6.6.1/lib/plugins/gradle-ide-play-6.6.1.jar
7f8cb0d3d000-7f8cb0d3f000 r--s 00011000 08:01 661929                     /home/hd/.gradle/wrapper/dists/gradle-6.6.1-bin/du4tvj86lhti6iga1v8h7pckb/gradle-6.6.1/lib/plugins/dd-plist-1.21.jar
7f8cb0d3f000-7f8cb0d46000 r--s 00035000 08:01 661876                     /home/hd/.gradle/wrapper/dists/gradle-6.6.1-bin/du4tvj86lhti6iga1v8h7pckb/gradle-6.6.1/lib/plugins/gradle-ide-native-6.6.1.jar
7f8cb0d46000-7f8cb0d51000 r--s 00064000 08:01 661877                     /home/hd/.gradle/wrapper/dists/gradle-6.6.1-bin/du4tvj86lhti6iga1v8h7pckb/gradle-6.6.1/lib/plugins/gradle-ide-6.6.1.jar
7f8cb0d51000-7f8cb0d54000 r--s 00006000 08:01 661866                     /home/hd/.gradle/wrapper/dists/gradle-6.6.1-bin/du4tvj86lhti6iga1v8h7pckb/gradle-6.6.1/lib/plugins/gradle-enterprise-6.6.1.jar
7f8cb0d54000-7f8cb0d56000 r--s 00007000 08:01 661879                     /home/hd/.gradle/wrapper/dists/gradle-6.6.1-bin/du4tvj86lhti6iga1v8h7pckb/gradle-6.6.1/lib/plugins/gradle-ear-6.6.1.jar
7f8cb0d56000-7f8cb0d59000 r--s 0000d000 08:01 661901                     /home/hd/.gradle/wrapper/dists/gradle-6.6.1-bin/du4tvj86lhti6iga1v8h7pckb/gradle-6.6.1/lib/plugins/gradle-composite-builds-6.6.1.jar
7f8cb0d59000-7f8cb0d5c000 r--s 00019000 08:01 661880                     /home/hd/.gradle/wrapper/dists/gradle-6.6.1-bin/du4tvj86lhti6iga1v8h7pckb/gradle-6.6.1/lib/plugins/gradle-code-quality-6.6.1.jar
7f8cb0d5c000-7f8cb0d5e000 r--s 0000b000 08:01 661921                     /home/hd/.gradle/wrapper/dists/gradle-6.6.1-bin/du4tvj86lhti6iga1v8h7pckb/gradle-6.6.1/lib/plugins/maven-plugin-api-3.0.5.jar
7f8cb0d5e000-7f8cb0d64000 r--s 0003f000 08:01 661920                     /home/hd/.gradle/wrapper/dists/gradle-6.6.1-bin/du4tvj86lhti6iga1v8h7pckb/gradle-6.6.1/lib/plugins/maven-compat-3.0.5.jar
7f8cb0d64000-7f8cb0d6d000 r--s 0003b000 08:01 661863                     /home/hd/.gradle/wrapper/dists/gradle-6.6.1-bin/du4tvj86lhti6iga1v8h7pckb/gradle-6.6.1/lib/plugins/gradle-build-init-6.6.1.jar
7f8cb0d6d000-7f8cb0d6e000 r--s 00003000 08:01 661909                     /home/hd/.gradle/wrapper/dists/gradle-6.6.1-bin/du4tvj86lhti6iga1v8h7pckb/gradle-6.6.1/lib/plugins/gradle-build-cache-http-6.6.1.jar
7f8cb0d6e000-7f8cb0d70000 r--s 00009000 08:01 661865                     /home/hd/.gradle/wrapper/dists/gradle-6.6.1-bin/du4tvj86lhti6iga1v8h7pckb/gradle-6.6.1/lib/plugins/gradle-antlr-6.6.1.jar
7f8cb0d70000-7f8cb0d73000 r--s 0001c000 08:01 661871                     /home/hd/.gradle/wrapper/dists/gradle-6.6.1-bin/du4tvj86lhti6iga1v8h7pckb/gradle-6.6.1/lib/plugins/gradle-kotlin-dsl-tooling-builders-6.6.1.jar
7f8cb0d73000-7f8cb0d76000 r--s 00012000 08:01 661885                     /home/hd/.gradle/wrapper/dists/gradle-6.6.1-bin/du4tvj86lhti6iga1v8h7pckb/gradle-6.6.1/lib/plugins/gradle-plugin-development-6.6.1.jar
7f8cb0d76000-7f8cb0d7a000 r--s 00021000 08:01 661984                     /home/hd/.gradle/wrapper/dists/gradle-6.6.1-bin/du4tvj86lhti6iga1v8h7pckb/gradle-6.6.1/lib/plugins/xbean-reflect-3.7.jar
7f8cb0d7a000-7f8cb0d7c000 r--s 0000c000 08:01 661982                     /home/hd/.gradle/wrapper/dists/gradle-6.6.1-bin/du4tvj86lhti6iga1v8h7pckb/gradle-6.6.1/lib/plugins/wagon-provider-api-3.0.0.jar
7f8cb0d7c000-7f8cb0d7d000 r--s 00008000 08:01 661916                     /home/hd/.gradle/wrapper/dists/gradle-6.6.1-bin/du4tvj86lhti6iga1v8h7pckb/gradle-6.6.1/lib/plugins/wagon-http-shared-3.0.0.jar
7f8cb0d7d000-7f8cb0d7e000 r--s 00002000 08:01 661915                     /home/hd/.gradle/wrapper/dists/gradle-6.6.1-bin/du4tvj86lhti6iga1v8h7pckb/gradle-6.6.1/lib/plugins/wagon-http-3.0.0.jar
7f8cb0d7e000-7f8cb0d7f000 r--s 00002000 08:01 661956                     /home/hd/.gradle/wrapper/dists/gradle-6.6.1-bin/du4tvj86lhti6iga1v8h7pckb/gradle-6.6.1/lib/plugins/wagon-file-3.0.0.jar
7f8cb0d7f000-7f8cb0d82000 r--s 0000c000 08:01 661959                     /home/hd/.gradle/wrapper/dists/gradle-6.6.1-bin/du4tvj86lhti6iga1v8h7pckb/gradle-6.6.1/lib/plugins/pmaven-groovy-0.8-20100325.jar
7f8cb0d82000-7f8cb0d83000 r--s 00004000 08:01 661958                     /home/hd/.gradle/wrapper/dists/gradle-6.6.1-bin/du4tvj86lhti6iga1v8h7pckb/gradle-6.6.1/lib/plugins/pmaven-common-0.8-20100325.jar
7f8cb0d83000-7f8cb0d8a000 r--s 00032000 08:01 661919                     /home/hd/.gradle/wrapper/dists/gradle-6.6.1-bin/du4tvj86lhti6iga1v8h7pckb/gradle-6.6.1/lib/plugins/plexus-container-default-1.7.1.jar
7f8cb0d8a000-7f8cb0d8d000 r--s 0000a000 08:01 661979                     /home/hd/.gradle/wrapper/dists/gradle-6.6.1-bin/du4tvj86lhti6iga1v8h7pckb/gradle-6.6.1/lib/plugins/plexus-classworlds-2.5.1.jar
7f8cb0d8d000-7f8cb0d8f000 r--s 00006000 08:01 661930                     /home/hd/.gradle/wrapper/dists/gradle-6.6.1-bin/du4tvj86lhti6iga1v8h7pckb/gradle-6.6.1/lib/plugins/aether-connector-wagon-1.13.1.jar
7f8cb0d8f000-7f8cb0d96000 r--s 00032000 08:01 661886                     /home/hd/.gradle/wrapper/dists/gradle-6.6.1-bin/du4tvj86lhti6iga1v8h7pckb/gradle-6.6.1/lib/plugins/gradle-maven-6.6.1.jar
7f8cb0d96000-7f8cb0d99000 r--s 00010000 08:01 661899                     /home/hd/.gradle/wrapper/dists/gradle-6.6.1-bin/du4tvj86lhti6iga1v8h7pckb/gradle-6.6.1/lib/plugins/gradle-publish-6.6.1.jar
7f8cb0d99000-7f8cb0da2000 r--s 00089000 08:01 661950                     /home/hd/.gradle/wrapper/dists/gradle-6.6.1-bin/du4tvj86lhti6iga1v8h7pckb/gradle-6.6.1/lib/plugins/testng-6.3.1.jar
7f8cb0da2000-7f8cb0da8000 r--s 0003d000 08:01 661960                     /home/hd/.gradle/wrapper/dists/gradle-6.6.1-bin/du4tvj86lhti6iga1v8h7pckb/gradle-6.6.1/lib/plugins/snakeyaml-1.17.jar
7f8cb0da8000-7f8cb0db2000 r--s 00054000 08:01 661951                     /home/hd/.gradle/wrapper/dists/gradle-6.6.1-bin/du4tvj86lhti6iga1v8h7pckb/gradle-6.6.1/lib/plugins/junit-4.13.jar
7f8cb0db2000-7f8cb0db4000 r--s 0000f000 08:01 661969                     /home/hd/.gradle/wrapper/dists/gradle-6.6.1-bin/du4tvj86lhti6iga1v8h7pckb/gradle-6.6.1/lib/plugins/jcommander-1.72.jar
7f8cb0db4000-7f8cb0db6000 r--s 00009000 08:01 661967                     /home/hd/.gradle/wrapper/dists/gradle-6.6.1-bin/du4tvj86lhti6iga1v8h7pckb/gradle-6.6.1/lib/plugins/hamcrest-core-1.3.jar
7f8cb0db6000-7f8cb0dbb000 r--s 0005a000 08:01 661937                     /home/hd/.gradle/wrapper/dists/gradle-6.6.1-bin/du4tvj86lhti6iga1v8h7pckb/gradle-6.6.1/lib/plugins/bsh-2.0b6.jar
7f8cb0dbb000-7f8cb0dbf000 r--s 0001d000 08:01 661891                     /home/hd/.gradle/wrapper/dists/gradle-6.6.1-bin/du4tvj86lhti6iga1v8h7pckb/gradle-6.6.1/lib/plugins/gradle-testing-jvm-6.6.1.jar
7f8cb0dbf000-7f8cb0dc7000 r--s 00035000 08:01 661896                     /home/hd/.gradle/wrapper/dists/gradle-6.6.1-bin/du4tvj86lhti6iga1v8h7pckb/gradle-6.6.1/lib/plugins/gradle-testing-base-6.6.1.jar
7f8cb0dc7000-7f8cb0dcd000 r--s 00030000 08:01 661888                     /home/hd/.gradle/wrapper/dists/gradle-6.6.1-bin/du4tvj86lhti6iga1v8h7pckb/gradle-6.6.1/lib/plugins/gradle-plugins-6.6.1.jar
7f8cb0dcd000-7f8cb0dd1000 r--s 0001f000 08:01 661895                     /home/hd/.gradle/wrapper/dists/gradle-6.6.1-bin/du4tvj86lhti6iga1v8h7pckb/gradle-6.6.1/lib/plugins/gradle-platform-jvm-6.6.1.jar
7f8cb0dd1000-7f8cb0dd3000 r--s 00006000 08:01 661894                     /home/hd/.gradle/wrapper/dists/gradle-6.6.1-bin/du4tvj86lhti6iga1v8h7pckb/gradle-6.6.1/lib/plugins/gradle-language-jvm-6.6.1.jar
7f8cb0dd3000-7f8cb0ddc000 r--s 00047000 08:01 661893                     /home/hd/.gradle/wrapper/dists/gradle-6.6.1-bin/du4tvj86lhti6iga1v8h7pckb/gradle-6.6.1/lib/plugins/gradle-language-java-6.6.1.jar
7f8cb0ddc000-7f8cb0dde000 r--s 0000f000 08:01 661892                     /home/hd/.gradle/wrapper/dists/gradle-6.6.1-bin/du4tvj86lhti6iga1v8h7pckb/gradle-6.6.1/lib/plugins/gradle-language-groovy-6.6.1.jar
7f8cb0dde000-7f8cb0ddf000 r--s 00001000 08:01 661913                     /home/hd/.gradle/wrapper/dists/gradle-6.6.1-bin/du4tvj86lhti6iga1v8h7pckb/gradle-6.6.1/lib/plugins/gradle-java-compiler-plugin-6.6.1.jar
7f8cb0ddf000-7f8cb0de3000 r--s 00015000 08:01 661887                     /home/hd/.gradle/wrapper/dists/gradle-6.6.1-bin/du4tvj86lhti6iga1v8h7pckb/gradle-6.6.1/lib/plugins/gradle-ivy-6.6.1.jar
7f8cb0de3000-7f8cb0de6000 r--s 0000f000 08:01 661905                     /home/hd/.gradle/wrapper/dists/gradle-6.6.1-bin/du4tvj86lhti6iga1v8h7pckb/gradle-6.6.1/lib/plugins/gradle-reporting-6.6.1.jar
7f8cb0de6000-7f8cb0ded000 r--s 00029000 08:01 661898                     /home/hd/.gradle/wrapper/dists/gradle-6.6.1-bin/du4tvj86lhti6iga1v8h7pckb/gradle-6.6.1/lib/plugins/gradle-platform-base-6.6.1.jar
7f8cb0ded000-7f8cb0def000 r--s 00006000 08:01 661945                     /home/hd/.gradle/wrapper/dists/gradle-6.6.1-bin/du4tvj86lhti6iga1v8h7pckb/gradle-6.6.1/lib/plugins/jatl-0.2.3.jar
7f8cb0def000-7f8cb0df5000 r--s 0003a000 08:01 661897                     /home/hd/.gradle/wrapper/dists/gradle-6.6.1-bin/du4tvj86lhti6iga1v8h7pckb/gradle-6.6.1/lib/plugins/gradle-diagnostics-6.6.1.jar
7f8cb0df5000-7f8cb0df9000 r--s 00024000 08:01 661873                     /home/hd/.gradle/wrapper/dists/gradle-6.6.1-bin/du4tvj86lhti6iga1v8h7pckb/gradle-6.6.1/lib/plugins/gradle-kotlin-dsl-provider-plugins-6.6.1.jar
7f8cb0df9000-7f8cb0dfc000 r--s 0000b000 08:01 661902                     /home/hd/.gradle/wrapper/dists/gradle-6.6.1-bin/du4tvj86lhti6iga1v8h7pckb/gradle-6.6.1/lib/plugins/gradle-plugin-use-6.6.1.jar
7f8cb0dfc000-7f8cb0e5d000 r--s 0042c000 08:01 661936                     /home/hd/.gradle/wrapper/dists/gradle-6.6.1-bin/du4tvj86lhti6iga1v8h7pckb/gradle-6.6.1/lib/plugins/bcprov-jdk15on-1.64.jar
7f8cb0e5d000-7f8cb0e65000 r--s 00049000 08:01 661934                     /home/hd/.gradle/wrapper/dists/gradle-6.6.1-bin/du4tvj86lhti6iga1v8h7pckb/gradle-6.6.1/lib/plugins/bcpg-jdk15on-1.64.jar
7f8cb0e65000-7f8cb0e67000 r--s 00009000 08:01 661910                     /home/hd/.gradle/wrapper/dists/gradle-6.6.1-bin/du4tvj86lhti6iga1v8h7pckb/gradle-6.6.1/lib/plugins/gradle-security-6.6.1.jar
7f8cb0e67000-7f8cb0e80000 r--s 0013a000 08:01 661961                     /home/hd/.gradle/wrapper/dists/gradle-6.6.1-bin/du4tvj86lhti6iga1v8h7pckb/gradle-6.6.1/lib/plugins/xercesImpl-2.12.0.jar
7f8cb0e80000-7f8cb0e82000 r--s 0001d000 08:01 661957                     /home/hd/.gradle/wrapper/dists/gradle-6.6.1-bin/du4tvj86lhti6iga1v8h7pckb/gradle-6.6.1/lib/plugins/nekohtml-1.9.22.jar
7f8cb0e82000-7f8cb0e88000 r--s 0005b000 08:01 661947                     /home/hd/.gradle/wrapper/dists/gradle-6.6.1-bin/du4tvj86lhti6iga1v8h7pckb/gradle-6.6.1/lib/plugins/jcifs-1.3.17.jar
7f8cb0e88000-7f8cb0e8b000 r--s 0000f000 08:01 661911                     /home/hd/.gradle/wrapper/dists/gradle-6.6.1-bin/du4tvj86lhti6iga1v8h7pckb/gradle-6.6.1/lib/plugins/gradle-resources-http-6.6.1.jar
7f8cb0e8b000-7f8cb0e8f000 r--s 0003c000 08:01 661983                     /home/hd/.gradle/wrapper/dists/gradle-6.6.1-bin/du4tvj86lhti6iga1v8h7pckb/gradle-6.6.1/lib/plugins/plexus-utils-3.1.0.jar
7f8cb0e8f000-7f8cb0e90000 r--s 00006000 08:01 661977                     /home/hd/.gradle/wrapper/dists/gradle-6.6.1-bin/du4tvj86lhti6iga1v8h7pckb/gradle-6.6.1/lib/plugins/plexus-sec-dispatcher-1.3.jar
7f8cb0e90000-7f8cb0e92000 r--s 0000d000 08:01 661981                     /home/hd/.gradle/wrapper/dists/gradle-6.6.1-bin/du4tvj86lhti6iga1v8h7pckb/gradle-6.6.1/lib/plugins/plexus-interpolation-1.14.jar
7f8cb0e92000-7f8cb0e94000 r--s 00000000 08:01 661980                     /home/hd/.gradle/wrapper/dists/gradle-6.6.1-bin/du4tvj86lhti6iga1v8h7pckb/gradle-6.6.1/lib/plugins/plexus-component-annotations-1.5.5.jar
7f8cb0e94000-7f8cb0e96000 r--s 00002000 08:01 661978                     /home/hd/.gradle/wrapper/dists/gradle-6.6.1-bin/du4tvj86lhti6iga1v8h7pckb/gradle-6.6.1/lib/plugins/plexus-cipher-1.7.jar
7f8cb0e96000-7f8cb0e99000 r--s 00008000 08:01 661975                     /home/hd/.gradle/wrapper/dists/gradle-6.6.1-bin/du4tvj86lhti6iga1v8h7pckb/gradle-6.6.1/lib/plugins/maven-settings-builder-3.0.5.jar
7f8cb0e99000-7f8cb0e9b000 r--s 0000a000 08:01 661976                     /home/hd/.gradle/wrapper/dists/gradle-6.6.1-bin/du4tvj86lhti6iga1v8h7pckb/gradle-6.6.1/lib/plugins/maven-settings-3.0.5.jar
7f8cb0e9b000-7f8cb0e9d000 r--s 00006000 08:01 661974                     /home/hd/.gradle/wrapper/dists/gradle-6.6.1-bin/du4tvj86lhti6iga1v8h7pckb/gradle-6.6.1/lib/plugins/maven-repository-metadata-3.0.5.jar
7f8cb0e9d000-7f8cb0ea1000 r--s 00021000 08:01 661972                     /home/hd/.gradle/wrapper/dists/gradle-6.6.1-bin/du4tvj86lhti6iga1v8h7pckb/gradle-6.6.1/lib/plugins/maven-model-builder-3.0.5.jar
7f8cb0ea1000-7f8cb0ea3000 r--s 00026000 08:01 661973                     /home/hd/.gradle/wrapper/dists/gradle-6.6.1-bin/du4tvj86lhti6iga1v8h7pckb/gradle-6.6.1/lib/plugins/maven-model-3.0.5.jar
7f8cb0ea3000-7f8cb0eaf000 r--s 0007d000 08:01 661955                     /home/hd/.gradle/wrapper/dists/gradle-6.6.1-bin/du4tvj86lhti6iga1v8h7pckb/gradle-6.6.1/lib/plugins/maven-core-3.0.5.jar
7f8cb0eaf000-7f8cb0eb1000 r--s 0000b000 08:01 661971                     /home/hd/.gradle/wrapper/dists/gradle-6.6.1-bin/du4tvj86lhti6iga1v8h7pckb/gradle-6.6.1/lib/plugins/maven-artifact-3.0.5.jar
7f8cb0eb1000-7f8cb0eb3000 r--s 0000c000 08:01 661962                     /home/hd/.gradle/wrapper/dists/gradle-6.6.1-bin/du4tvj86lhti6iga1v8h7pckb/gradle-6.6.1/lib/plugins/maven-aether-provider-3.0.5.jar
7f8cb0eb3000-7f8cb0ec8000 r--s 00116000 08:01 661940                     /home/hd/.gradle/wrapper/dists/gradle-6.6.1-bin/du4tvj86lhti6iga1v8h7pckb/gradle-6.6.1/lib/plugins/ivy-2.3.0.jar
7f8cb0ec8000-7f8cb0ed0000 r--s 00049000 08:01 661968                     /home/hd/.gradle/wrapper/dists/gradle-6.6.1-bin/du4tvj86lhti6iga1v8h7pckb/gradle-6.6.1/lib/plugins/httpcore-4.4.12.jar
7f8cb0ed0000-7f8cb0edd000 r--s 000b1000 08:01 661938                     /home/hd/.gradle/wrapper/dists/gradle-6.6.1-bin/du4tvj86lhti6iga1v8h7pckb/gradle-6.6.1/lib/plugins/httpclient-4.5.10.jar
7f8cb0edd000-7f8cb0ee2000 r--s 00036000 08:01 661926                     /home/hd/.gradle/wrapper/dists/gradle-6.6.1-bin/du4tvj86lhti6iga1v8h7pckb/gradle-6.6.1/lib/plugins/gson-2.8.5.jar
7f8cb0ee2000-7f8cb0ee9000 r--s 0004e000 08:01 661939                     /home/hd/.gradle/wrapper/dists/gradle-6.6.1-bin/du4tvj86lhti6iga1v8h7pckb/gradle-6.6.1/lib/plugins/commons-codec-1.13.jar
7f8cb0ee9000-7f8cb0eea000 r--s 00014000 08:01 661928                     /home/hd/.gradle/wrapper/dists/gradle-6.6.1-bin/du4tvj86lhti6iga1v8h7pckb/gradle-6.6.1/lib/plugins/asm-util-7.3.1.jar
7f8cb0eea000-7f8cb0eee000 r--s 0001c000 08:01 661964                     /home/hd/.gradle/wrapper/dists/gradle-6.6.1-bin/du4tvj86lhti6iga1v8h7pckb/gradle-6.6.1/lib/plugins/aether-util-1.13.1.jar
7f8cb0eee000-7f8cb0eef000 r--s 00003000 08:01 661965                     /home/hd/.gradle/wrapper/dists/gradle-6.6.1-bin/du4tvj86lhti6iga1v8h7pckb/gradle-6.6.1/lib/plugins/aether-spi-1.13.1.jar
7f8cb0eef000-7f8cb0ef2000 r--s 0001d000 08:01 661963                     /home/hd/.gradle/wrapper/dists/gradle-6.6.1-bin/du4tvj86lhti6iga1v8h7pckb/gradle-6.6.1/lib/plugins/aether-impl-1.13.1.jar
7f8cb0ef2000-7f8cb0ef5000 r--s 00013000 08:01 661966                     /home/hd/.gradle/wrapper/dists/gradle-6.6.1-bin/du4tvj86lhti6iga1v8h7pckb/gradle-6.6.1/lib/plugins/aether-api-1.13.1.jar
7f8cb0ef5000-7f8cb0f30000 r--s 0023a000 08:01 661903                     /home/hd/.gradle/wrapper/dists/gradle-6.6.1-bin/du4tvj86lhti6iga1v8h7pckb/gradle-6.6.1/lib/plugins/gradle-dependency-management-6.6.1.jar
7f8cb0f30000-7f8cb0f34000 r--s 0001d000 08:01 661904                     /home/hd/.gradle/wrapper/dists/gradle-6.6.1-bin/du4tvj86lhti6iga1v8h7pckb/gradle-6.6.1/lib/plugins/gradle-workers-6.6.1.jar
7f8cb0f34000-7f8cb0f39000 r-xp 00000000 08:01 661992                     /home/hd/.gradle/native/9f2fa17c089eee584f3420100432f77ec4c098959e4bf121a4d6054c26537dfb/linux-amd64/libnative-platform.so
7f8cb0f39000-7f8cb1139000 ---p 00005000 08:01 661992                     /home/hd/.gradle/native/9f2fa17c089eee584f3420100432f77ec4c098959e4bf121a4d6054c26537dfb/linux-amd64/libnative-platform.so
7f8cb1139000-7f8cb113a000 r--p 00005000 08:01 661992                     /home/hd/.gradle/native/9f2fa17c089eee584f3420100432f77ec4c098959e4bf121a4d6054c26537dfb/linux-amd64/libnative-platform.so
7f8cb113a000-7f8cb113b000 rw-p 00006000 08:01 661992                     /home/hd/.gradle/native/9f2fa17c089eee584f3420100432f77ec4c098959e4bf121a4d6054c26537dfb/linux-amd64/libnative-platform.so
7f8cb113b000-7f8cb113e000 r--s 00008000 08:01 661624                     /home/hd/.gradle/wrapper/dists/gradle-6.6.1-bin/du4tvj86lhti6iga1v8h7pckb/gradle-6.6.1/lib/gradle-build-events-6.6.1.jar
7f8cb113e000-7f8cb113f000 r--s 00003000 08:01 661617                     /home/hd/.gradle/wrapper/dists/gradle-6.6.1-bin/du4tvj86lhti6iga1v8h7pckb/gradle-6.6.1/lib/gradle-runtime-api-info-6.6.1.jar
7f8cb113f000-7f8cb114a000 r--s 00081000 08:01 661838                     /home/hd/.gradle/wrapper/dists/gradle-6.6.1-bin/du4tvj86lhti6iga1v8h7pckb/gradle-6.6.1/lib/trove4j-1.0.20181211.jar
7f8cb114a000-7f8cb114c000 r--s 00009000 08:01 661846                     /home/hd/.gradle/wrapper/dists/gradle-6.6.1-bin/du4tvj86lhti6iga1v8h7pckb/gradle-6.6.1/lib/kotlin-script-runtime-1.3.72.jar
7f8cb114c000-7f8cb1186000 r--s 00284000 08:01 661840                     /home/hd/.gradle/wrapper/dists/gradle-6.6.1-bin/du4tvj86lhti6iga1v8h7pckb/gradle-6.6.1/lib/kotlin-reflect-1.3.72.jar
7f8cb1186000-7f8cb119d000 r--s 00108000 08:01 661847                     /home/hd/.gradle/wrapper/dists/gradle-6.6.1-bin/du4tvj86lhti6iga1v8h7pckb/gradle-6.6.1/lib/kotlin-daemon-embeddable-1.3.72.jar
7f8cb119d000-7f8cb13f8000 r--s 023fe000 08:01 661649                     /home/hd/.gradle/wrapper/dists/gradle-6.6.1-bin/du4tvj86lhti6iga1v8h7pckb/gradle-6.6.1/lib/kotlin-compiler-embeddable-1.3.72-patched-for-gradle-6.6.1.jar
7f8cb13f8000-7f8cb13f9000 r--s 00014000 08:01 661645                     /home/hd/.gradle/wrapper/dists/gradle-6.6.1-bin/du4tvj86lhti6iga1v8h7pckb/gradle-6.6.1/lib/gradle-wrapper-6.6.1.jar
7f8cb13f9000-7f8cb1409000 r--s 00050000 08:01 661625                     /home/hd/.gradle/wrapper/dists/gradle-6.6.1-bin/du4tvj86lhti6iga1v8h7pckb/gradle-6.6.1/lib/gradle-tooling-api-6.6.1.jar
7f8cb1409000-7f8cb140a000 r--s 00000000 08:01 661648                     /home/hd/.gradle/wrapper/dists/gradle-6.6.1-bin/du4tvj86lhti6iga1v8h7pckb/gradle-6.6.1/lib/gradle-kotlin-dsl-tooling-models-6.6.1.jar
7f8cb140a000-7f8cb141a000 r--s 0026b000 08:01 661829                     /home/hd/.gradle/wrapper/dists/gradle-6.6.1-bin/du4tvj86lhti6iga1v8h7pckb/gradle-6.6.1/lib/kotlinx-metadata-jvm-0.1.0.jar
7f8cb141a000-7f8cb141b000 r--s 00003000 08:01 661821                     /home/hd/.gradle/wrapper/dists/gradle-6.6.1-bin/du4tvj86lhti6iga1v8h7pckb/gradle-6.6.1/lib/kotlin-stdlib-jdk8-1.3.72.jar
7f8cb141b000-7f8cb141c000 r--s 00000000 08:01 661841                     /home/hd/.gradle/wrapper/dists/gradle-6.6.1-bin/du4tvj86lhti6iga1v8h7pckb/gradle-6.6.1/lib/kotlin-stdlib-jdk7-1.3.72.jar
7f8cb141c000-7f8cb141f000 r--s 00019000 08:01 661825                     /home/hd/.gradle/wrapper/dists/gradle-6.6.1-bin/du4tvj86lhti6iga1v8h7pckb/gradle-6.6.1/lib/kotlin-scripting-jvm-host-embeddable-1.3.72.jar
7f8cb141f000-7f8cb1423000 r--s 00027000 08:01 661824                     /home/hd/.gradle/wrapper/dists/gradle-6.6.1-bin/du4tvj86lhti6iga1v8h7pckb/gradle-6.6.1/lib/kotlin-scripting-jvm-1.3.72.jar
7f8cb1423000-7f8cb1429000 r--s 00045000 08:01 661827                     /home/hd/.gradle/wrapper/dists/gradle-6.6.1-bin/du4tvj86lhti6iga1v8h7pckb/gradle-6.6.1/lib/kotlin-scripting-compiler-impl-embeddable-1.3.72.jar
7f8cb1429000-7f8cb1431000 r--s 0004b000 08:01 661826                     /home/hd/.gradle/wrapper/dists/gradle-6.6.1-bin/du4tvj86lhti6iga1v8h7pckb/gradle-6.6.1/lib/kotlin-scripting-compiler-embeddable-1.3.72.jar
7f8cb1431000-7f8cb1436000 r--s 00026000 08:01 661823                     /home/hd/.gradle/wrapper/dists/gradle-6.6.1-bin/du4tvj86lhti6iga1v8h7pckb/gradle-6.6.1/lib/kotlin-scripting-common-1.3.72.jar
7f8cb1436000-7f8cb1437000 r--s 00002000 08:01 661828                     /home/hd/.gradle/wrapper/dists/gradle-6.6.1-bin/du4tvj86lhti6iga1v8h7pckb/gradle-6.6.1/lib/kotlin-sam-with-receiver-compiler-plugin-1.3.72.jar
7f8cb1437000-7f8cb1450000 r--s 0013f000 08:01 661622                     /home/hd/.gradle/wrapper/dists/gradle-6.6.1-bin/du4tvj86lhti6iga1v8h7pckb/gradle-6.6.1/lib/gradle-kotlin-dsl-6.6.1.jar
7f8cb1450000-7f8cb1452000 r--s 00005000 08:01 661635                     /home/hd/.gradle/wrapper/dists/gradle-6.6.1-bin/du4tvj86lhti6iga1v8h7pckb/gradle-6.6.1/lib/gradle-worker-processes-6.6.1.jar
7f8cb1452000-7f8cb1455000 r--s 0000d000 08:01 661768                     /home/hd/.gradle/wrapper/dists/gradle-6.6.1-bin/du4tvj86lhti6iga1v8h7pckb/gradle-6.6.1/lib/gradle-normalization-java-6.6.1.jar
7f8cb1455000-7f8cb1457000 r--s 00007000 08:01 661629                     /home/hd/.gradle/wrapper/dists/gradle-6.6.1-bin/du4tvj86lhti6iga1v8h7pckb/gradle-6.6.1/lib/gradle-model-groovy-6.6.1.jar
7f8cb1457000-7f8cb1459000 r--s 00000000 08:01 661637                     /home/hd/.gradle/wrapper/dists/gradle-6.6.1-bin/du4tvj86lhti6iga1v8h7pckb/gradle-6.6.1/lib/gradle-jvm-services-6.6.1.jar
7f8cb1459000-7f8cb145c000 r--s 0000a000 08:01 661647                     /home/hd/.gradle/wrapper/dists/gradle-6.6.1-bin/du4tvj86lhti6iga1v8h7pckb/gradle-6.6.1/lib/gradle-file-watching-6.6.1.jar
7f8cb145c000-7f8cb1461000 r--s 00026000 08:01 661628                     /home/hd/.gradle/wrapper/dists/gradle-6.6.1-bin/du4tvj86lhti6iga1v8h7pckb/gradle-6.6.1/lib/gradle-file-collections-6.6.1.jar
7f8cb1461000-7f8cb1469000 r--s 00024000 08:01 661849                     /home/hd/.gradle/wrapper/dists/gradle-6.6.1-bin/du4tvj86lhti6iga1v8h7pckb/gradle-6.6.1/lib/kotlin-stdlib-common-1.3.72.jar
7f8cb1469000-7f8cb147d000 r--s 0013d000 08:01 661842                     /home/hd/.gradle/wrapper/dists/gradle-6.6.1-bin/du4tvj86lhti6iga1v8h7pckb/gradle-6.6.1/lib/kotlin-stdlib-1.3.72.jar
7f8cb147d000-7f8cb147f000 r--s 00003000 08:01 661843                     /home/hd/.gradle/wrapper/dists/gradle-6.6.1-bin/du4tvj86lhti6iga1v8h7pckb/gradle-6.6.1/lib/annotations-13.0.jar
7f8cb147f000-7f8cb1498000 r--s 000ee000 08:01 661631                     /home/hd/.gradle/wrapper/dists/gradle-6.6.1-bin/du4tvj86lhti6iga1v8h7pckb/gradle-6.6.1/lib/gradle-model-core-6.6.1.jar
7f8cb1498000-7f8cb149f000 r--s 0002d000 08:01 661630                     /home/hd/.gradle/wrapper/dists/gradle-6.6.1-bin/du4tvj86lhti6iga1v8h7pckb/gradle-6.6.1/lib/gradle-execution-6.6.1.jar
7f8cb149f000-7f8cb14a8000 r--s 0002d000 08:01 661839                     /home/hd/.gradle/wrapper/dists/gradle-6.6.1-bin/du4tvj86lhti6iga1v8h7pckb/gradle-6.6.1/lib/xml-apis-1.4.01.jar
7f8cb14a8000-7f8cb14aa000 r--s 0000b000 08:01 661818                     /home/hd/.gradle/wrapper/dists/gradle-6.6.1-bin/du4tvj86lhti6iga1v8h7pckb/gradle-6.6.1/lib/asm-tree-7.3.1.jar
7f8cb14aa000-7f8cb14ac000 r--s 00010000 08:01 661816                     /home/hd/.gradle/wrapper/dists/gradle-6.6.1-bin/du4tvj86lhti6iga1v8h7pckb/gradle-6.6.1/lib/asm-commons-7.3.1.jar
7f8cb14ac000-7f8cb14ae000 r--s 00007000 08:01 661817                     /home/hd/.gradle/wrapper/dists/gradle-6.6.1-bin/du4tvj86lhti6iga1v8h7pckb/gradle-6.6.1/lib/asm-analysis-7.3.1.jar
7f8cb14ae000-7f8cb14ba000 r--s 0008b000 08:01 661830                     /home/hd/.gradle/wrapper/dists/gradle-6.6.1-bin/du4tvj86lhti6iga1v8h7pckb/gradle-6.6.1/lib/commons-compress-1.19.jar
7f8cb14ba000-7f8cb14bc000 r--s 00004000 08:01 661739                     /home/hd/.gradle/wrapper/dists/gradle-6.6.1-bin/du4tvj86lhti6iga1v8h7pckb/gradle-6.6.1/lib/gradle-build-cache-packaging-6.6.1.jar
7f8cb14bc000-7f8cb14c0000 r--s 0001c000 08:01 661769                     /home/hd/.gradle/wrapper/dists/gradle-6.6.1-bin/du4tvj86lhti6iga1v8h7pckb/gradle-6.6.1/lib/gradle-snapshots-6.6.1.jar
7f8cb14c0000-7f8cb14c2000 r--s 00006000 08:01 661638                     /home/hd/.gradle/wrapper/dists/gradle-6.6.1-bin/du4tvj86lhti6iga1v8h7pckb/gradle-6.6.1/lib/gradle-process-services-6.6.1.jar
7f8cb14c2000-7f8cb14c7000 r--s 00016000 08:01 661639                     /home/hd/.gradle/wrapper/dists/gradle-6.6.1-bin/du4tvj86lhti6iga1v8h7pckb/gradle-6.6.1/lib/gradle-resources-6.6.1.jar
7f8cb14c7000-7f8cb14c8000 r--s 00078000 08:01 661857                     /home/hd/.gradle/wrapper/dists/gradle-6.6.1-bin/du4tvj86lhti6iga1v8h7pckb/gradle-6.6.1/lib/native-platform-windows-i386-min-0.22-milestone-4.jar
7f8cb14c8000-7f8cb14ca000 r--s 00078000 08:01 661856                     /home/hd/.gradle/wrapper/dists/gradle-6.6.1-bin/du4tvj86lhti6iga1v8h7pckb/gradle-6.6.1/lib/native-platform-windows-i386-0.22-milestone-4.jar
7f8cb14ca000-7f8cb14cb000 r--s 00093000 08:01 661855                     /home/hd/.gradle/wrapper/dists/gradle-6.6.1-bin/du4tvj86lhti6iga1v8h7pckb/gradle-6.6.1/lib/native-platform-windows-amd64-min-0.22-milestone-4.jar
7f8cb14cb000-7f8cb14cc000 r--s 00093000 08:01 661854                     /home/hd/.gradle/wrapper/dists/gradle-6.6.1-bin/du4tvj86lhti6iga1v8h7pckb/gradle-6.6.1/lib/native-platform-windows-amd64-0.22-milestone-4.jar
7f8cb14cc000-7f8cb14cd000 r--s 00017000 08:01 661853                     /home/hd/.gradle/wrapper/dists/gradle-6.6.1-bin/du4tvj86lhti6iga1v8h7pckb/gradle-6.6.1/lib/native-platform-osx-amd64-0.22-milestone-4.jar
7f8cb14cd000-7f8cb14ce000 r--s 00001000 08:01 661861                     /home/hd/.gradle/wrapper/dists/gradle-6.6.1-bin/du4tvj86lhti6iga1v8h7pckb/gradle-6.6.1/lib/native-platform-linux-amd64-ncurses6-0.22-milestone-4.jar
7f8cb14ce000-7f8cb14d0000 r--s 00001000 08:01 661860                     /home/hd/.gradle/wrapper/dists/gradle-6.6.1-bin/du4tvj86lhti6iga1v8h7pckb/gradle-6.6.1/lib/native-platform-linux-amd64-ncurses5-0.22-milestone-4.jar
7f8cb14d0000-7f8cb14d1000 r--s 0005c000 08:01 661852                     /home/hd/.gradle/wrapper/dists/gradle-6.6.1-bin/du4tvj86lhti6iga1v8h7pckb/gradle-6.6.1/lib/native-platform-linux-amd64-0.22-milestone-4.jar
7f8cb14d1000-7f8cb14d2000 r--s 00002000 08:01 661859                     /home/hd/.gradle/wrapper/dists/gradle-6.6.1-bin/du4tvj86lhti6iga1v8h7pckb/gradle-6.6.1/lib/native-platform-linux-aarch64-ncurses6-0.22-milestone-4.jar
7f8cb14d2000-7f8cb14d4000 r--s 00001000 08:01 661858                     /home/hd/.gradle/wrapper/dists/gradle-6.6.1-bin/du4tvj86lhti6iga1v8h7pckb/gradle-6.6.1/lib/native-platform-linux-aarch64-ncurses5-0.22-milestone-4.jar
7f8cb14d4000-7f8cb14d5000 r--s 0005b000 08:01 661851                     /home/hd/.gradle/wrapper/dists/gradle-6.6.1-bin/du4tvj86lhti6iga1v8h7pckb/gradle-6.6.1/lib/native-platform-linux-aarch64-0.22-milestone-4.jar
7f8cb14d5000-7f8cb14d6000 r--s 00004000 08:01 661850                     /home/hd/.gradle/wrapper/dists/gradle-6.6.1-bin/du4tvj86lhti6iga1v8h7pckb/gradle-6.6.1/lib/native-platform-freebsd-amd64-libcpp-0.22-milestone-4.jar
7f8cb14d6000-7f8cb14db000 r--s 0001f000 08:01 661836                     /home/hd/.gradle/wrapper/dists/gradle-6.6.1-bin/du4tvj86lhti6iga1v8h7pckb/gradle-6.6.1/lib/native-platform-0.22-milestone-4.jar
7f8cb14db000-7f8cb14de000 r--s 0000d000 08:01 661641                     /home/hd/.gradle/wrapper/dists/gradle-6.6.1-bin/du4tvj86lhti6iga1v8h7pckb/gradle-6.6.1/lib/gradle-native-6.6.1.jar
7f8cb14de000-7f8cb14e0000 r--s 0000c000 08:01 661837                     /home/hd/.gradle/wrapper/dists/gradle-6.6.1-bin/du4tvj86lhti6iga1v8h7pckb/gradle-6.6.1/lib/objenesis-2.6.jar
7f8cb14e0000-7f8cb14e2000 r--s 00000000 08:01 661845                     /home/hd/.gradle/wrapper/dists/gradle-6.6.1-bin/du4tvj86lhti6iga1v8h7pckb/gradle-6.6.1/lib/minlog-1.2.jar
7f8cb14e2000-7f8cb14e8000 r--s 0004d000 08:01 661835                     /home/hd/.gradle/wrapper/dists/gradle-6.6.1-bin/du4tvj86lhti6iga1v8h7pckb/gradle-6.6.1/lib/kryo-2.24.0.jar
7f8cb14e8000-7f8cb14ee000 r--s 0006d000 08:01 661831                     /home/hd/.gradle/wrapper/dists/gradle-6.6.1-bin/du4tvj86lhti6iga1v8h7pckb/gradle-6.6.1/lib/fastutil-8.3.0-min.jar
7f8cb14ee000-7f8cb14f6000 r--s 00032000 08:01 661640                     /home/hd/.gradle/wrapper/dists/gradle-6.6.1-bin/du4tvj86lhti6iga1v8h7pckb/gradle-6.6.1/lib/gradle-messaging-6.6.1.jar
7f8cb14f6000-7f8cb14f8000 r--s 00004000 08:01 661809                     /home/hd/.gradle/wrapper/dists/gradle-6.6.1-bin/du4tvj86lhti6iga1v8h7pckb/gradle-6.6.1/lib/log4j-over-slf4j-1.7.28.jar
7f8cb14f8000-7f8cb14fa000 r--s 00000000 08:01 661808                     /home/hd/.gradle/wrapper/dists/gradle-6.6.1-bin/du4tvj86lhti6iga1v8h7pckb/gradle-6.6.1/lib/jul-to-slf4j-1.7.28.jar
7f8cb14fa000-7f8cb14fc000 r--s 00003000 08:01 661810                     /home/hd/.gradle/wrapper/dists/gradle-6.6.1-bin/du4tvj86lhti6iga1v8h7pckb/gradle-6.6.1/lib/jcl-over-slf4j-1.7.28.jar
7f8cb14fc000-7f8cb1500000 r--s 00043000 08:01 661832                     /home/hd/.gradle/wrapper/dists/gradle-6.6.1-bin/du4tvj86lhti6iga1v8h7pckb/gradle-6.6.1/lib/jansi-1.18.jar
7f8cb1500000-7f8cb1508000 r--s 0003c000 08:01 661636                     /home/hd/.gradle/wrapper/dists/gradle-6.6.1-bin/du4tvj86lhti6iga1v8h7pckb/gradle-6.6.1/lib/gradle-logging-6.6.1.jar
7f8cb1508000-7f8cb150a000 r--s 00005000 08:01 661646                     /home/hd/.gradle/wrapper/dists/gradle-6.6.1-bin/du4tvj86lhti6iga1v8h7pckb/gradle-6.6.1/lib/gradle-cli-6.6.1.jar
7f8cb150a000-7f8cb150c000 r--s 00004000 08:01 661644                     /home/hd/.gradle/wrapper/dists/gradle-6.6.1-bin/du4tvj86lhti6iga1v8h7pckb/gradle-6.6.1/lib/gradle-build-option-6.6.1.jar
7f8cb150c000-7f8cb150f000 r--s 0000b000 08:01 661771                     /home/hd/.gradle/wrapper/dists/gradle-6.6.1-bin/du4tvj86lhti6iga1v8h7pckb/gradle-6.6.1/lib/gradle-files-6.6.1.jar
7f8cb150f000-7f8cb1511000 r--s 00001000 08:01 661770                     /home/hd/.gradle/wrapper/dists/gradle-6.6.1-bin/du4tvj86lhti6iga1v8h7pckb/gradle-6.6.1/lib/gradle-build-cache-base-6.6.1.jar
7f8cb1511000-7f8cb1512000 r--s 00000000 08:01 661822                     /home/hd/.gradle/wrapper/dists/gradle-6.6.1-bin/du4tvj86lhti6iga1v8h7pckb/gradle-6.6.1/lib/javax.inject-1.jar
7f8cb1512000-7f8cb1516000 r--s 0000c000 08:01 661632                     /home/hd/.gradle/wrapper/dists/gradle-6.6.1-bin/du4tvj86lhti6iga1v8h7pckb/gradle-6.6.1/lib/gradle-build-cache-6.6.1.jar
7f8cb1516000-7f8cb1517000 r--s 00006000 08:01 661642                     /home/hd/.gradle/wrapper/dists/gradle-6.6.1-bin/du4tvj86lhti6iga1v8h7pckb/gradle-6.6.1/lib/gradle-base-services-groovy-6.6.1.jar
7f8cb1517000-7f8cb1519000 r--s 00003000 08:01 661812                     /home/hd/.gradle/wrapper/dists/gradle-6.6.1-bin/du4tvj86lhti6iga1v8h7pckb/gradle-6.6.1/lib/gradle-hashing-6.6.1.jar
7f8cb1519000-7f8cb151b000 r--s 00003000 08:01 661834                     /home/hd/.gradle/wrapper/dists/gradle-6.6.1-bin/du4tvj86lhti6iga1v8h7pckb/gradle-6.6.1/lib/jsr305-3.0.2.jar
7f8cb151b000-7f8cb151d000 r--s 00009000 08:01 661811                     /home/hd/.gradle/wrapper/dists/gradle-6.6.1-bin/du4tvj86lhti6iga1v8h7pckb/gradle-6.6.1/lib/slf4j-api-1.7.28.jar
7f8cb151d000-7f8cb154d000 r--s 0024c000 08:01 661813                     /home/hd/.gradle/wrapper/dists/gradle-6.6.1-bin/du4tvj86lhti6iga1v8h7pckb/gradle-6.6.1/lib/guava-27.1-android.jar
7f8cb154d000-7f8cb15ce000 r--s 0078b000 08:01 661779                     /home/hd/.gradle/wrapper/dists/gradle-6.6.1-bin/du4tvj86lhti6iga1v8h7pckb/gradle-6.6.1/lib/groovy-all-1.3-2.5.12.jar
7f8cb15ce000-7f8cb15d0000 r--s 00000000 08:01 661848                     /home/hd/.gradle/wrapper/dists/gradle-6.6.1-bin/du4tvj86lhti6iga1v8h7pckb/gradle-6.6.1/lib/failureaccess-1.0.1.jar
7f8cb15d0000-7f8cb15d5000 r--s 00041000 08:01 661815                     /home/hd/.gradle/wrapper/dists/gradle-6.6.1-bin/du4tvj86lhti6iga1v8h7pckb/gradle-6.6.1/lib/commons-lang-2.6.jar
7f8cb15d5000-7f8cb15d9000 r--s 00031000 08:01 661814                     /home/hd/.gradle/wrapper/dists/gradle-6.6.1-bin/du4tvj86lhti6iga1v8h7pckb/gradle-6.6.1/lib/commons-io-2.6.jar
7f8cb15d9000-7f8cb15f9000 r--s 0020b000 08:01 661820                     /home/hd/.gradle/wrapper/dists/gradle-6.6.1-bin/du4tvj86lhti6iga1v8h7pckb/gradle-6.6.1/lib/ant-1.10.8.jar
7f8cb15f9000-7f8cb1600000 r--s 00037000 08:01 661634                     /home/hd/.gradle/wrapper/dists/gradle-6.6.1-bin/du4tvj86lhti6iga1v8h7pckb/gradle-6.6.1/lib/gradle-persistent-cache-6.6.1.jar
7f8cb1600000-7f8cb163c000 r--s 00216000 08:01 661627                     /home/hd/.gradle/wrapper/dists/gradle-6.6.1-bin/du4tvj86lhti6iga1v8h7pckb/gradle-6.6.1/lib/gradle-core-6.6.1.jar
7f8cb163c000-7f8cb164b000 r--s 00047000 08:01 661633                     /home/hd/.gradle/wrapper/dists/gradle-6.6.1-bin/du4tvj86lhti6iga1v8h7pckb/gradle-6.6.1/lib/gradle-core-api-6.6.1.jar
7f8cb164b000-7f8cb1658000 r--s 00065000 08:01 661643                     /home/hd/.gradle/wrapper/dists/gradle-6.6.1-bin/du4tvj86lhti6iga1v8h7pckb/gradle-6.6.1/lib/gradle-base-services-6.6.1.jar
7f8cb1658000-7f8cb1689000 rw-p 00000000 00:00 0 
7f8cb1689000-7f8cb16a1000 r-xp 00000000 08:01 658865                     /usr/lib/jvm/java-8-openjdk-amd64/jre/lib/amd64/libnet.so
7f8cb16a1000-7f8cb18a0000 ---p 00018000 08:01 658865                     /usr/lib/jvm/java-8-openjdk-amd64/jre/lib/amd64/libnet.so
7f8cb18a0000-7f8cb18a1000 r--p 00017000 08:01 658865                     /usr/lib/jvm/java-8-openjdk-amd64/jre/lib/amd64/libnet.so
7f8cb18a1000-7f8cb18a2000 rw-p 00018000 08:01 658865                     /usr/lib/jvm/java-8-openjdk-amd64/jre/lib/amd64/libnet.so
7f8cb18a2000-7f8cb18b4000 r-xp 00000000 08:01 658861                     /usr/lib/jvm/java-8-openjdk-amd64/jre/lib/amd64/libnio.so
7f8cb18b4000-7f8cb1ab3000 ---p 00012000 08:01 658861                     /usr/lib/jvm/java-8-openjdk-amd64/jre/lib/amd64/libnio.so
7f8cb1ab3000-7f8cb1ab4000 r--p 00011000 08:01 658861                     /usr/lib/jvm/java-8-openjdk-amd64/jre/lib/amd64/libnio.so
7f8cb1ab4000-7f8cb1ab5000 rw-p 00012000 08:01 658861                     /usr/lib/jvm/java-8-openjdk-amd64/jre/lib/amd64/libnio.so
7f8cb1ab5000-7f8cb1ac1000 r--s 0006a000 08:01 661620                     /home/hd/.gradle/wrapper/dists/gradle-6.6.1-bin/du4tvj86lhti6iga1v8h7pckb/gradle-6.6.1/lib/gradle-launcher-6.6.1.jar
7f8cb1ac1000-7f8cb1acc000 r--s 00116000 08:01 658844                     /usr/lib/jvm/java-8-openjdk-amd64/jre/lib/ext/localedata.jar
7f8cb1acc000-7f8cb1ae7000 r--s 001d6000 08:01 658842                     /usr/lib/jvm/java-8-openjdk-amd64/jre/lib/ext/nashorn.jar
7f8cb1ae7000-7f8cb1b02000 r--s 00394000 08:01 658840                     /usr/lib/jvm/java-8-openjdk-amd64/jre/lib/ext/cldrdata.jar
7f8cb1b02000-7f8cb1b03000 ---p 00000000 00:00 0 
7f8cb1b03000-7f8cb1c03000 rw-p 00000000 00:00 0 
7f8cb1c03000-7f8cb1c06000 ---p 00000000 00:00 0 
7f8cb1c06000-7f8cb1d04000 rw-p 00000000 00:00 0 
7f8cb1d04000-7f8cb1d07000 ---p 00000000 00:00 0 
7f8cb1d07000-7f8cb1e05000 rw-p 00000000 00:00 0 
7f8cb1e05000-7f8cb1e08000 ---p 00000000 00:00 0 
7f8cb1e08000-7f8cb1f06000 rw-p 00000000 00:00 0 
7f8cb1f06000-7f8cb1f09000 ---p 00000000 00:00 0 
7f8cb1f09000-7f8cb2007000 rw-p 00000000 00:00 0 
7f8cb2007000-7f8cb2492000 r--p 00000000 08:01 793374                     /usr/lib/locale/locale-archive
7f8cb2492000-7f8cb2495000 ---p 00000000 00:00 0 
7f8cb2495000-7f8cb2593000 rw-p 00000000 00:00 0 
7f8cb2593000-7f8cb2596000 ---p 00000000 00:00 0 
7f8cb2596000-7f8cb2694000 rw-p 00000000 00:00 0 
7f8cb2694000-7f8cb2695000 ---p 00000000 00:00 0 
7f8cb2695000-7f8cb4000000 rw-p 00000000 00:00 0 
7f8cb4000000-7f8cb402b000 rw-p 00000000 00:00 0 
7f8cb402b000-7f8cb8000000 ---p 00000000 00:00 0 
7f8cb8000000-7f8cb8001000 r--s 00000000 08:01 661833                     /home/hd/.gradle/wrapper/dists/gradle-6.6.1-bin/du4tvj86lhti6iga1v8h7pckb/gradle-6.6.1/lib/gradle-base-annotations-6.6.1.jar
7f8cb8001000-7f8cb8003000 r--s 0001c000 08:01 661819                     /home/hd/.gradle/wrapper/dists/gradle-6.6.1-bin/du4tvj86lhti6iga1v8h7pckb/gradle-6.6.1/lib/asm-7.3.1.jar
7f8cb8003000-7f8cb8004000 r--s 00004000 08:01 661844                     /home/hd/.gradle/wrapper/dists/gradle-6.6.1-bin/du4tvj86lhti6iga1v8h7pckb/gradle-6.6.1/lib/ant-launcher-1.10.8.jar
7f8cb8004000-7f8cb8006000 r--s 00001000 08:01 661623                     /home/hd/.gradle/wrapper/dists/gradle-6.6.1-bin/du4tvj86lhti6iga1v8h7pckb/gradle-6.6.1/lib/gradle-bootstrap-6.6.1.jar
7f8cb8006000-7f8cb800c000 r--s 0003d000 08:01 658848                     /usr/lib/jvm/java-8-openjdk-amd64/jre/lib/ext/sunjce_provider.jar
7f8cb800c000-7f8cb815b000 rw-p 00000000 00:00 0 
7f8cb815b000-7f8cb832c000 r--s 03ca5000 08:01 658818                     /usr/lib/jvm/java-8-openjdk-amd64/jre/lib/rt.jar
7f8cb832c000-7f8cb8cfd000 rw-p 00000000 00:00 0 
7f8cb8cfd000-7f8cb8cfe000 ---p 00000000 00:00 0 
7f8cb8cfe000-7f8cb8dfe000 rw-p 00000000 00:00 0 
7f8cb8dfe000-7f8cb8dff000 ---p 00000000 00:00 0 
7f8cb8dff000-7f8cb8f55000 rw-p 00000000 00:00 0 
7f8cb8f55000-7f8cb8fa9000 ---p 00000000 00:00 0 
7f8cb8fa9000-7f8cb8ff5000 rw-p 00000000 00:00 0 
7f8cb8ff5000-7f8cb8fff000 ---p 00000000 00:00 0 
7f8cb8fff000-7f8cb9000000 rw-p 00000000 00:00 0 
7f8cb9000000-7f8cb95c0000 rwxp 00000000 00:00 0 
7f8cb95c0000-7f8cc8000000 ---p 00000000 00:00 0 
7f8cc8000000-7f8cc934a000 rw-p 00000000 00:00 0 
7f8cc934a000-7f8ccc000000 ---p 00000000 00:00 0 
7f8ccc000000-7f8ccc002000 r--s 00008000 08:01 658839                     /usr/lib/jvm/java-8-openjdk-amd64/jre/lib/ext/sunec.jar
7f8ccc002000-7f8ccc019000 rw-p 00000000 00:00 0 
7f8ccc019000-7f8ccc3c2000 ---p 00000000 00:00 0 
7f8ccc3c2000-7f8ccc3ca000 r-xp 00000000 08:01 658864                     /usr/lib/jvm/java-8-openjdk-amd64/jre/lib/amd64/libzip.so
7f8ccc3ca000-7f8ccc5c9000 ---p 00008000 08:01 658864                     /usr/lib/jvm/java-8-openjdk-amd64/jre/lib/amd64/libzip.so
7f8ccc5c9000-7f8ccc5ca000 r--p 00007000 08:01 658864                     /usr/lib/jvm/java-8-openjdk-amd64/jre/lib/amd64/libzip.so
7f8ccc5ca000-7f8ccc5cb000 rw-p 00008000 08:01 658864                     /usr/lib/jvm/java-8-openjdk-amd64/jre/lib/amd64/libzip.so
7f8ccc5cb000-7f8ccc5d6000 r-xp 00000000 08:01 529679                     /lib/x86_64-linux-gnu/libnss_files-2.23.so
7f8ccc5d6000-7f8ccc7d5000 ---p 0000b000 08:01 529679                     /lib/x86_64-linux-gnu/libnss_files-2.23.so
7f8ccc7d5000-7f8ccc7d6000 r--p 0000a000 08:01 529679                     /lib/x86_64-linux-gnu/libnss_files-2.23.so
7f8ccc7d6000-7f8ccc7d7000 rw-p 0000b000 08:01 529679                     /lib/x86_64-linux-gnu/libnss_files-2.23.so
7f8ccc7d7000-7f8ccc7dd000 rw-p 00000000 00:00 0 
7f8ccc7dd000-7f8ccc7e8000 r-xp 00000000 08:01 529688                     /lib/x86_64-linux-gnu/libnss_nis-2.23.so
7f8ccc7e8000-7f8ccc9e7000 ---p 0000b000 08:01 529688                     /lib/x86_64-linux-gnu/libnss_nis-2.23.so
7f8ccc9e7000-7f8ccc9e8000 r--p 0000a000 08:01 529688                     /lib/x86_64-linux-gnu/libnss_nis-2.23.so
7f8ccc9e8000-7f8ccc9e9000 rw-p 0000b000 08:01 529688                     /lib/x86_64-linux-gnu/libnss_nis-2.23.so
7f8ccc9e9000-7f8ccc9ff000 r-xp 00000000 08:01 529698                     /lib/x86_64-linux-gnu/libnsl-2.23.so
7f8ccc9ff000-7f8cccbfe000 ---p 00016000 08:01 529698                     /lib/x86_64-linux-gnu/libnsl-2.23.so
7f8cccbfe000-7f8cccbff000 r--p 00015000 08:01 529698                     /lib/x86_64-linux-gnu/libnsl-2.23.so
7f8cccbff000-7f8cccc00000 rw-p 00016000 08:01 529698                     /lib/x86_64-linux-gnu/libnsl-2.23.so
7f8cccc00000-7f8cccc02000 rw-p 00000000 00:00 0 
7f8cccc02000-7f8cccc0a000 r-xp 00000000 08:01 529770                     /lib/x86_64-linux-gnu/libnss_compat-2.23.so
7f8cccc0a000-7f8ccce09000 ---p 00008000 08:01 529770                     /lib/x86_64-linux-gnu/libnss_compat-2.23.so
7f8ccce09000-7f8ccce0a000 r--p 00007000 08:01 529770                     /lib/x86_64-linux-gnu/libnss_compat-2.23.so
7f8ccce0a000-7f8ccce0b000 rw-p 00008000 08:01 529770                     /lib/x86_64-linux-gnu/libnss_compat-2.23.so
7f8ccce0b000-7f8ccce35000 r-xp 00000000 08:01 658871                     /usr/lib/jvm/java-8-openjdk-amd64/jre/lib/amd64/libjava.so
7f8ccce35000-7f8ccd034000 ---p 0002a000 08:01 658871                     /usr/lib/jvm/java-8-openjdk-amd64/jre/lib/amd64/libjava.so
7f8ccd034000-7f8ccd035000 r--p 00029000 08:01 658871                     /usr/lib/jvm/java-8-openjdk-amd64/jre/lib/amd64/libjava.so
7f8ccd035000-7f8ccd037000 rw-p 0002a000 08:01 658871                     /usr/lib/jvm/java-8-openjdk-amd64/jre/lib/amd64/libjava.so
7f8ccd037000-7f8ccd046000 r-xp 00000000 08:01 658869                     /usr/lib/jvm/java-8-openjdk-amd64/jre/lib/amd64/libverify.so
7f8ccd046000-7f8ccd245000 ---p 0000f000 08:01 658869                     /usr/lib/jvm/java-8-openjdk-amd64/jre/lib/amd64/libverify.so
7f8ccd245000-7f8ccd247000 r--p 0000e000 08:01 658869                     /usr/lib/jvm/java-8-openjdk-amd64/jre/lib/amd64/libverify.so
7f8ccd247000-7f8ccd248000 rw-p 00010000 08:01 658869                     /usr/lib/jvm/java-8-openjdk-amd64/jre/lib/amd64/libverify.so
7f8ccd248000-7f8ccd24f000 r-xp 00000000 08:01 529654                     /lib/x86_64-linux-gnu/librt-2.23.so
7f8ccd24f000-7f8ccd44e000 ---p 00007000 08:01 529654                     /lib/x86_64-linux-gnu/librt-2.23.so
7f8ccd44e000-7f8ccd44f000 r--p 00006000 08:01 529654                     /lib/x86_64-linux-gnu/librt-2.23.so
7f8ccd44f000-7f8ccd450000 rw-p 00007000 08:01 529654                     /lib/x86_64-linux-gnu/librt-2.23.so
7f8ccd450000-7f8ccd466000 r-xp 00000000 08:01 528908                     /lib/x86_64-linux-gnu/libgcc_s.so.1
7f8ccd466000-7f8ccd665000 ---p 00016000 08:01 528908                     /lib/x86_64-linux-gnu/libgcc_s.so.1
7f8ccd665000-7f8ccd666000 rw-p 00015000 08:01 528908                     /lib/x86_64-linux-gnu/libgcc_s.so.1
7f8ccd666000-7f8ccd76e000 r-xp 00000000 08:01 529683                     /lib/x86_64-linux-gnu/libm-2.23.so
7f8ccd76e000-7f8ccd96d000 ---p 00108000 08:01 529683                     /lib/x86_64-linux-gnu/libm-2.23.so
7f8ccd96d000-7f8ccd96e000 r--p 00107000 08:01 529683                     /lib/x86_64-linux-gnu/libm-2.23.so
7f8ccd96e000-7f8ccd96f000 rw-p 00108000 08:01 529683                     /lib/x86_64-linux-gnu/libm-2.23.so
7f8ccd96f000-7f8ccdae1000 r-xp 00000000 08:01 793666                     /usr/lib/x86_64-linux-gnu/libstdc++.so.6.0.21
7f8ccdae1000-7f8ccdce1000 ---p 00172000 08:01 793666                     /usr/lib/x86_64-linux-gnu/libstdc++.so.6.0.21
7f8ccdce1000-7f8ccdceb000 r--p 00172000 08:01 793666                     /usr/lib/x86_64-linux-gnu/libstdc++.so.6.0.21
7f8ccdceb000-7f8ccdced000 rw-p 0017c000 08:01 793666                     /usr/lib/x86_64-linux-gnu/libstdc++.so.6.0.21
7f8ccdced000-7f8ccdcf1000 rw-p 00000000 00:00 0 
7f8ccdcf1000-7f8ccea17000 r-xp 00000000 08:01 658888                     /usr/lib/jvm/java-8-openjdk-amd64/jre/lib/amd64/server/libjvm.so
7f8ccea17000-7f8ccec16000 ---p 00d26000 08:01 658888                     /usr/lib/jvm/java-8-openjdk-amd64/jre/lib/amd64/server/libjvm.so
7f8ccec16000-7f8ccecac000 r--p 00d25000 08:01 658888                     /usr/lib/jvm/java-8-openjdk-amd64/jre/lib/amd64/server/libjvm.so
7f8ccecac000-7f8ccecd5000 rw-p 00dbb000 08:01 658888                     /usr/lib/jvm/java-8-openjdk-amd64/jre/lib/amd64/server/libjvm.so
7f8ccecd5000-7f8cced08000 rw-p 00000000 00:00 0 
7f8cced08000-7f8cced20000 r-xp 00000000 08:01 529582                     /lib/x86_64-linux-gnu/libpthread-2.23.so
7f8cced20000-7f8ccef1f000 ---p 00018000 08:01 529582                     /lib/x86_64-linux-gnu/libpthread-2.23.so
7f8ccef1f000-7f8ccef20000 r--p 00017000 08:01 529582                     /lib/x86_64-linux-gnu/libpthread-2.23.so
7f8ccef20000-7f8ccef21000 rw-p 00018000 08:01 529582                     /lib/x86_64-linux-gnu/libpthread-2.23.so
7f8ccef21000-7f8ccef25000 rw-p 00000000 00:00 0 
7f8ccef25000-7f8ccef28000 r-xp 00000000 08:01 529603                     /lib/x86_64-linux-gnu/libdl-2.23.so
7f8ccef28000-7f8ccf127000 ---p 00003000 08:01 529603                     /lib/x86_64-linux-gnu/libdl-2.23.so
7f8ccf127000-7f8ccf128000 r--p 00002000 08:01 529603                     /lib/x86_64-linux-gnu/libdl-2.23.so
7f8ccf128000-7f8ccf129000 rw-p 00003000 08:01 529603                     /lib/x86_64-linux-gnu/libdl-2.23.so
7f8ccf129000-7f8ccf142000 r-xp 00000000 08:01 529061                     /lib/x86_64-linux-gnu/libz.so.1.2.8
7f8ccf142000-7f8ccf341000 ---p 00019000 08:01 529061                     /lib/x86_64-linux-gnu/libz.so.1.2.8
7f8ccf341000-7f8ccf342000 r--p 00018000 08:01 529061                     /lib/x86_64-linux-gnu/libz.so.1.2.8
7f8ccf342000-7f8ccf343000 rw-p 00019000 08:01 529061                     /lib/x86_64-linux-gnu/libz.so.1.2.8
7f8ccf343000-7f8ccf503000 r-xp 00000000 08:01 529767                     /lib/x86_64-linux-gnu/libc-2.23.so
7f8ccf503000-7f8ccf703000 ---p 001c0000 08:01 529767                     /lib/x86_64-linux-gnu/libc-2.23.so
7f8ccf703000-7f8ccf707000 r--p 001c0000 08:01 529767                     /lib/x86_64-linux-gnu/libc-2.23.so
7f8ccf707000-7f8ccf709000 rw-p 001c4000 08:01 529767                     /lib/x86_64-linux-gnu/libc-2.23.so
7f8ccf709000-7f8ccf70d000 rw-p 00000000 00:00 0 
7f8ccf70d000-7f8ccf71b000 r-xp 00000000 08:01 658877                     /usr/lib/jvm/java-8-openjdk-amd64/jre/lib/amd64/jli/libjli.so
7f8ccf71b000-7f8ccf91a000 ---p 0000e000 08:01 658877                     /usr/lib/jvm/java-8-openjdk-amd64/jre/lib/amd64/jli/libjli.so
7f8ccf91a000-7f8ccf91b000 r--p 0000d000 08:01 658877                     /usr/lib/jvm/java-8-openjdk-amd64/jre/lib/amd64/jli/libjli.so
7f8ccf91b000-7f8ccf91c000 rw-p 0000e000 08:01 658877                     /usr/lib/jvm/java-8-openjdk-amd64/jre/lib/amd64/jli/libjli.so
7f8ccf91c000-7f8ccf942000 r-xp 00000000 08:01 529680                     /lib/x86_64-linux-gnu/ld-2.23.so
7f8ccf942000-7f8ccf945000 r--s 0000f000 08:01 658846                     /usr/lib/jvm/java-8-openjdk-amd64/jre/lib/ext/icedtea-sound.jar
7f8ccf945000-7f8ccf949000 r--s 00040000 08:01 658845                     /usr/lib/jvm/java-8-openjdk-amd64/jre/lib/ext/sunpkcs11.jar
7f8ccf949000-7f8ccf94f000 r--s 000d3000 08:01 658826                     /usr/lib/jvm/java-8-openjdk-amd64/jre/lib/jfr.jar
7f8ccf94f000-7f8ccf9cd000 rw-p 00000000 00:00 0 
7f8ccf9cd000-7f8ccfa22000 ---p 00000000 00:00 0 
7f8ccfa22000-7f8ccfa25000 ---p 00000000 00:00 0 
7f8ccfa25000-7f8ccfb27000 rw-p 00000000 00:00 0 
7f8ccfb27000-7f8ccfb29000 r--s 00010000 08:01 658841                     /usr/lib/jvm/java-8-openjdk-amd64/jre/lib/ext/zipfs.jar
7f8ccfb29000-7f8ccfb2b000 r--s 00001000 08:01 658847                     /usr/lib/jvm/java-8-openjdk-amd64/jre/lib/ext/dnsns.jar
7f8ccfb2b000-7f8ccfb2c000 r--s 0000a000 08:01 658843                     /usr/lib/jvm/java-8-openjdk-amd64/jre/lib/ext/jaccess.jar
7f8ccfb2c000-7f8ccfb36000 rw-p 00000000 00:00 0 
7f8ccfb36000-7f8ccfb3e000 rw-s 00000000 08:01 262232                     /tmp/hsperfdata_hd/7521
7f8ccfb3e000-7f8ccfb3f000 rw-p 00000000 00:00 0 
7f8ccfb3f000-7f8ccfb40000 ---p 00000000 00:00 0 
7f8ccfb40000-7f8ccfb41000 rw-p 00000000 00:00 0 
7f8ccfb41000-7f8ccfb42000 r--p 00025000 08:01 529680                     /lib/x86_64-linux-gnu/ld-2.23.so
7f8ccfb42000-7f8ccfb43000 rw-p 00026000 08:01 529680                     /lib/x86_64-linux-gnu/ld-2.23.so
7f8ccfb43000-7f8ccfb44000 rw-p 00000000 00:00 0 
7ffc76390000-7ffc763b1000 rw-p 00000000 00:00 0                          [stack]
7ffc763e2000-7ffc763e5000 r--p 00000000 00:00 0                          [vvar]
7ffc763e5000-7ffc763e7000 r-xp 00000000 00:00 0                          [vdso]
ffffffffff600000-ffffffffff601000 r-xp 00000000 00:00 0                  [vsyscall]

VM Arguments:
jvm_args: -XX:MaxMetaspaceSize=256m -XX:+HeapDumpOnOutOfMemoryError -Xms256m -Xmx512m -Dfile.encoding=UTF-8 -Duser.country=CN -Duser.language=zh -Duser.variant 
java_command: org.gradle.launcher.daemon.bootstrap.GradleDaemon 6.6.1
java_class_path (initial): /home/hd/.gradle/wrapper/dists/gradle-6.6.1-bin/du4tvj86lhti6iga1v8h7pckb/gradle-6.6.1/lib/gradle-launcher-6.6.1.jar
Launcher Type: SUN_STANDARD

Environment Variables:
PATH=/home/hd/bin:/home/hd/.local/bin:/usr/local/sbin:/usr/local/bin:/usr/sbin:/usr/bin:/sbin:/bin:/usr/games:/usr/local/games:/snap/bin
SHELL=/bin/bash
DISPLAY=:0

Signal Handlers:
SIGSEGV: [libjvm.so+0xb1f1b0], sa_mask[0]=11111111011111111101111111111110, sa_flags=SA_RESTART|SA_SIGINFO
SIGBUS: [libjvm.so+0xb1f1b0], sa_mask[0]=11111111011111111101111111111110, sa_flags=SA_RESTART|SA_SIGINFO
SIGFPE: [libjvm.so+0x956cf0], sa_mask[0]=11111111011111111101111111111110, sa_flags=SA_RESTART|SA_SIGINFO
SIGPIPE: [libjvm.so+0x956cf0], sa_mask[0]=11111111011111111101111111111110, sa_flags=SA_RESTART|SA_SIGINFO
SIGXFSZ: [libjvm.so+0x956cf0], sa_mask[0]=11111111011111111101111111111110, sa_flags=SA_RESTART|SA_SIGINFO
SIGILL: [libjvm.so+0x956cf0], sa_mask[0]=11111111011111111101111111111110, sa_flags=SA_RESTART|SA_SIGINFO
SIGUSR1: SIG_DFL, sa_mask[0]=00000000000000000000000000000000, sa_flags=none
SIGUSR2: [libjvm.so+0x956ba0], sa_mask[0]=00100000000000000000000000000000, sa_flags=SA_RESTART|SA_SIGINFO
SIGHUP: [libjvm.so+0x957230], sa_mask[0]=11111111011111111101111111111110, sa_flags=SA_RESTART|SA_SIGINFO
SIGINT: [libjvm.so+0x957230], sa_mask[0]=11111111011111111101111111111110, sa_flags=SA_RESTART|SA_SIGINFO
SIGTERM: [libjvm.so+0x957230], sa_mask[0]=11111111011111111101111111111110, sa_flags=SA_RESTART|SA_SIGINFO
SIGQUIT: [libjvm.so+0x957230], sa_mask[0]=11111111011111111101111111111110, sa_flags=SA_RESTART|SA_SIGINFO


---------------  S Y S T E M  ---------------

OS:DISTRIB_ID=Ubuntu
DISTRIB_RELEASE=16.04
DISTRIB_CODENAME=xenial
DISTRIB_DESCRIPTION="Ubuntu 16.04.7 LTS"

uname:Linux 4.15.0-142-generic #146~16.04.1-Ubuntu SMP Tue Apr 13 09:27:15 UTC 2021 x86_64
libc:glibc 2.23 NPTL 2.23 
rlimit: STACK 8192k, CORE 0k, NPROC 15446, NOFILE 1048576, AS infinity
load average:13.15 10.83 7.44

/proc/meminfo:
MemTotal:        4015900 kB
MemFree:           86724 kB
MemAvailable:          0 kB
Buffers:             320 kB
Cached:            64324 kB
SwapCached:          396 kB
Active:          2849008 kB
Inactive:         576600 kB
Active(anon):    2840808 kB
Inactive(anon):   568420 kB
Active(file):       8200 kB
Inactive(file):     8180 kB
Unevictable:          48 kB
Mlocked:              48 kB
SwapTotal:        998396 kB
SwapFree:              0 kB
Dirty:               108 kB
Writeback:            32 kB
AnonPages:       3360684 kB
Mapped:            13268 kB
Shmem:             48196 kB
Slab:             105480 kB
SReclaimable:      39988 kB
SUnreclaim:        65492 kB
KernelStack:       19872 kB
PageTables:        49564 kB
NFS_Unstable:          0 kB
Bounce:                0 kB
WritebackTmp:          0 kB
CommitLimit:     3006344 kB
Committed_AS:    9857176 kB
VmallocTotal:   34359738367 kB
VmallocUsed:           0 kB
VmallocChunk:          0 kB
HardwareCorrupted:     0 kB
AnonHugePages:         0 kB
ShmemHugePages:        0 kB
ShmemPmdMapped:        0 kB
CmaTotal:              0 kB
CmaFree:               0 kB
HugePages_Total:       0
HugePages_Free:        0
HugePages_Rsvd:        0
HugePages_Surp:        0
Hugepagesize:       2048 kB
DirectMap4k:      157504 kB
DirectMap2M:     4036608 kB
DirectMap1G:     2097152 kB

container (cgroup) information:
container_type: cgroupv1
cpu_cpuset_cpus: 0-1
cpu_memory_nodes: 0
active_processor_count: 2
cpu_quota: -1
cpu_period: 100000
cpu_shares: -1
memory_limit_in_bytes: -1
memory_and_swap_limit_in_bytes: -2
memory_soft_limit_in_bytes: -1
memory_usage_in_bytes: 3507744768
memory_max_usage_in_bytes: 161243136


CPU:total 2 (initial active 2) (1 cores per cpu, 1 threads per core) family 6 model 140 stepping 1, cmov, cx8, fxsr, mmx, sse, sse2, sse3, ssse3, sse4.1, sse4.2, popcnt, avx, avx2, aes, clmul, erms, 3dnowpref, lzcnt, tsc, tscinvbit, bmi1, bmi2, adx

/proc/cpuinfo:
processor	: 0
vendor_id	: GenuineIntel
cpu family	: 6
model		: 140
model name	: 11th Gen Intel(R) Core(TM) i5-1135G7 @ 2.40GHz
stepping	: 1
microcode	: 0xffffffff
cpu MHz		: 2419.200
cache size	: 8192 KB
physical id	: 0
siblings	: 1
core id		: 0
cpu cores	: 1
apicid		: 0
initial apicid	: 0
fpu		: yes
fpu_exception	: yes
cpuid level	: 27
wp		: yes
flags		: fpu vme de pse tsc msr pae mce cx8 apic sep mtrr pge mca cmov pat pse36 clflush mmx fxsr sse sse2 ss syscall nx pdpe1gb rdtscp lm constant_tsc arch_perfmon rep_good nopl xtopology tsc_reliable nonstop_tsc cpuid pni pclmulqdq ssse3 fma cx16 pcid sse4_1 sse4_2 x2apic movbe popcnt aes xsave avx f16c rdrand hypervisor lahf_lm abm 3dnowprefetch invpcid_single pti ssbd ibrs ibpb stibp fsgsbase tsc_adjust bmi1 avx2 smep bmi2 erms invpcid avx512f avx512dq rdseed adx smap avx512ifma clflushopt clwb avx512cd sha_ni avx512bw avx512vl xsaveopt xsavec xgetbv1 xsaves arat avx512vbmi umip avx512_vbmi2 gfni vaes vpclmulqdq avx512_vnni avx512_bitalg avx512_vpopcntdq rdpid flush_l1d arch_capabilities
bugs		: cpu_meltdown spectre_v1 spectre_v2 spec_store_bypass l1tf mds swapgs
bogomips	: 4838.40
clflush size	: 64
cache_alignment	: 64
address sizes	: 45 bits physical, 48 bits virtual
power management:

processor	: 1
vendor_id	: GenuineIntel
cpu family	: 6
model		: 140
model name	: 11th Gen Intel(R) Core(TM) i5-1135G7 @ 2.40GHz
stepping	: 1
microcode	: 0xffffffff
cpu MHz		: 2419.200
cache size	: 8192 KB
physical id	: 2
siblings	: 1
core id		: 0
cpu cores	: 1
apicid		: 2
initial apicid	: 2
fpu		: yes
fpu_exception	: yes
cpuid level	: 27
wp		: yes
flags		: fpu vme de pse tsc msr pae mce cx8 apic sep mtrr pge mca cmov pat pse36 clflush mmx fxsr sse sse2 ss syscall nx pdpe1gb rdtscp lm constant_tsc arch_perfmon rep_good nopl xtopology tsc_reliable nonstop_tsc cpuid pni pclmulqdq ssse3 fma cx16 pcid sse4_1 sse4_2 x2apic movbe popcnt aes xsave avx f16c rdrand hypervisor lahf_lm abm 3dnowprefetch invpcid_single pti ssbd ibrs ibpb stibp fsgsbase tsc_adjust bmi1 avx2 smep bmi2 erms invpcid avx512f avx512dq rdseed adx smap avx512ifma clflushopt clwb avx512cd sha_ni avx512bw avx512vl xsaveopt xsavec xgetbv1 xsaves arat avx512vbmi umip avx512_vbmi2 gfni vaes vpclmulqdq avx512_vnni avx512_bitalg avx512_vpopcntdq rdpid flush_l1d arch_capabilities
bugs		: cpu_meltdown spectre_v1 spectre_v2 spec_store_bypass l1tf mds swapgs
bogomips	: 4838.40
clflush size	: 64
cache_alignment	: 64
address sizes	: 45 bits physical, 48 bits virtual
power management:



Memory: 4k page, physical 4015900k(86724k free), swap 998396k(0k free)

vm_info: OpenJDK 64-Bit Server VM (25.292-b10) for linux-amd64 JRE (1.8.0_292-8u292-b10-0ubuntu1~16.04.1-b10), built on Apr 21 2021 12:47:35 by "buildd" with gcc 5.4.0 20160609

time: Sat Mar 16 22:29:48 2024
timezone: CST
elapsed time: 25.092502 seconds (0d 0h 0m 25s)

