#
# There is insufficient memory for the Java Runtime Environment to continue.
# Native memory allocation (mmap) failed to map 32505856 bytes for committing reserved memory.
# Possible reasons:
#   The system is out of physical RAM or swap space
#   The process is running with CompressedOops enabled, and the Java Heap may be blocking the growth of the native heap
# Possible solutions:
#   Reduce memory load on the system
#   Increase physical memory or swap space
#   Check if swap backing store is full
#   Decrease Java heap size (-Xmx/-Xms)
#   Decrease number of Java threads
#   Decrease Java thread stack sizes (-Xss)
#   Set larger code cache with -XX:ReservedCodeCacheSize=
#   JVM is running with Unscaled Compressed Oops mode in which the Java heap is
#     placed in the first 4GB address space. The Java Heap base address is the
#     maximum limit for the native heap growth. Please use -XX:HeapBaseMinAddress
#     to set the Java Heap base and to place the Java Heap above 4GB virtual address.
# This output file may be truncated or incomplete.
#
#  Out of Memory Error (os_linux.cpp:2798), pid=7370, tid=0x00007f6f082b0700
#
# JRE version: OpenJDK Runtime Environment (8.0_292-b10) (build 1.8.0_292-8u292-b10-0ubuntu1~16.04.1-b10)
# Java VM: OpenJDK 64-Bit Server VM (25.292-b10 mixed mode linux-amd64 compressed oops)
# Failed to write core dump. Core dumps have been disabled. To enable core dumping, try "ulimit -c unlimited" before starting Java again
#

---------------  T H R E A D  ---------------

Current thread (0x00007f6f04078800):  VMThread [stack: 0x00007f6f081b0000,0x00007f6f082b1000] [id=7376]

Stack: [0x00007f6f081b0000,0x00007f6f082b1000],  sp=0x00007f6f082af360,  free space=1020k
Native frames: (J=compiled Java code, j=interpreted, Vv=VM code, C=native code)
V  [libjvm.so+0xb1e67b]
V  [libjvm.so+0x4e01dc]
V  [libjvm.so+0x95bc48]
V  [libjvm.so+0x953b3e]
V  [libjvm.so+0x9d4ad6]
V  [libjvm.so+0x9d5e03]
V  [libjvm.so+0x9d2204]
V  [libjvm.so+0x9d249c]
V  [libjvm.so+0x983953]
V  [libjvm.so+0xb20372]
V  [libjvm.so+0xb26067]
V  [libjvm.so+0xb23b43]
V  [libjvm.so+0xb23ee5]
V  [libjvm.so+0xb244b2]
V  [libjvm.so+0x958fe2]

VM_Operation (0x00007f6eee064ac0): ParallelGCFailedAllocation, mode: safepoint, requested by thread 0x00007f6f045b6800


---------------  P R O C E S S  ---------------

Java Threads: ( => current thread )
  0x00007f6f045b6800 JavaThread "background-preinit" [_thread_blocked, id=7384, stack(0x00007f6eedf67000,0x00007f6eee068000)]
  0x00007f6f040da000 JavaThread "Service Thread" daemon [_thread_blocked, id=7382, stack(0x00007f6ef4670000,0x00007f6ef4771000)]
  0x00007f6f040bd800 JavaThread "C1 CompilerThread1" daemon [_thread_blocked, id=7381, stack(0x00007f6ef4771000,0x00007f6ef4872000)]
  0x00007f6f040ba800 JavaThread "C2 CompilerThread0" daemon [_thread_blocked, id=7380, stack(0x00007f6ef4872000,0x00007f6ef4973000)]
  0x00007f6f040b7800 JavaThread "Signal Dispatcher" daemon [_thread_blocked, id=7379, stack(0x00007f6ef4973000,0x00007f6ef4a74000)]
  0x00007f6f04087000 JavaThread "Finalizer" daemon [_thread_blocked, id=7378, stack(0x00007f6ef4eff000,0x00007f6ef5000000)]
  0x00007f6f04082800 JavaThread "Reference Handler" daemon [_thread_blocked, id=7377, stack(0x00007f6f080af000,0x00007f6f081b0000)]
  0x00007f6f0400e800 JavaThread "main" [_thread_blocked, id=7371, stack(0x00007f6f0d7b1000,0x00007f6f0d8b2000)]

Other Threads:
=>0x00007f6f04078800 VMThread [stack: 0x00007f6f081b0000,0x00007f6f082b1000] [id=7376]
  0x00007f6f040dd000 WatcherThread [stack: 0x00007f6ef456f000,0x00007f6ef4670000] [id=7383]

VM state:at safepoint (normal execution)

VM Mutex/Monitor currently owned by a thread:  ([mutex/lock_event])
[0x00007f6f0400afa0] Threads_lock - owner thread: 0x00007f6f04078800
[0x00007f6f0400b4a0] Heap_lock - owner thread: 0x00007f6f045b6800

heap address: 0x00000000c2a00000, size: 982 MB, Compressed Oops mode: 32-bit
Narrow klass base: 0x0000000000000000, Narrow klass shift: 3
Compressed class space size: 1073741824 Address: 0x0000000100000000

Heap:
 PSYoungGen      total 34304K, used 2544K [0x00000000eb900000, 0x00000000edd00000, 0x0000000100000000)
  eden space 31744K, 0% used [0x00000000eb900000,0x00000000eb900000,0x00000000ed800000)
  from space 2560K, 99% used [0x00000000ed800000,0x00000000eda7c010,0x00000000eda80000)
  to   space 2560K, 0% used [0x00000000eda80000,0x00000000eda80000,0x00000000edd00000)
 ParOldGen       total 42496K, used 2908K [0x00000000c2a00000, 0x00000000c5380000, 0x00000000eb900000)
  object space 42496K, 6% used [0x00000000c2a00000,0x00000000c2cd71c0,0x00000000c5380000)
 Metaspace       used 12321K, capacity 12684K, committed 12800K, reserved 1060864K
  class space    used 1586K, capacity 1696K, committed 1792K, reserved 1048576K

Card table byte_map: [0x00007f6f09ba5000,0x00007f6f09d91000] byte_map_base: 0x00007f6f09590000

Marking Bits: (ParMarkBitMap*) 0x00007f6f0ca7a8a0
 Begin Bits: [0x00007f6eee150000, 0x00007f6eef0a8000)
 End Bits:   [0x00007f6eef0a8000, 0x00007f6ef0000000)

Polling page: 0x00007f6f0d8ce000

CodeCache: size=245760Kb used=3315Kb max_used=3391Kb free=242444Kb
 bounds [0x00007f6ef5000000, 0x00007f6ef5360000, 0x00007f6f04000000]
 total_blobs=1242 nmethods=910 adapters=244
 compilation: enabled

Compilation events (10 events):
Event: 67.069 Thread 0x00007f6f040bd800 nmethod 1057 0x00007f6ef516cdd0 code [0x00007f6ef516cf20, 0x00007f6ef516d030]
Event: 67.079 Thread 0x00007f6f040bd800 1063       3       java.lang.invoke.LambdaForm$MH/141289226::linkToTargetMethod (10 bytes)
Event: 67.115 Thread 0x00007f6f040bd800 nmethod 1063 0x00007f6ef5121490 code [0x00007f6ef5121620, 0x00007f6ef5121b18]
Event: 67.115 Thread 0x00007f6f040bd800 1055       3       java.lang.ProcessEnvironment$StringKeySet$1::hasNext (10 bytes)
Event: 67.562 Thread 0x00007f6f040bd800 nmethod 1055 0x00007f6ef5121010 code [0x00007f6ef5121180, 0x00007f6ef51213a8]
Event: 67.686 Thread 0x00007f6f040bd800 1064       3       java.util.stream.AbstractPipeline::isParallel (8 bytes)
Event: 68.211 Thread 0x00007f6f040bd800 nmethod 1064 0x00007f6ef511e790 code [0x00007f6ef511e900, 0x00007f6ef511ea70]
Event: 68.313 Thread 0x00007f6f040bd800 1065       3       java.lang.invoke.LambdaForm$MH/1537358694::linkToTargetMethod (8 bytes)
Event: 68.349 Thread 0x00007f6f040bd800 nmethod 1065 0x00007f6ef513e1d0 code [0x00007f6ef513e360, 0x00007f6ef513e6b8]
Event: 70.028 Thread 0x00007f6f040bd800 1080       3       java.util.Hashtable$Enumerator::nextElement (111 bytes)

GC Heap History (5 events):
Event: 10.200 GC heap before
{Heap before GC invocations=1 (full 0):
 PSYoungGen      total 18432K, used 15872K [0x00000000eb900000, 0x00000000ecd80000, 0x0000000100000000)
  eden space 15872K, 100% used [0x00000000eb900000,0x00000000ec880000,0x00000000ec880000)
  from space 2560K, 0% used [0x00000000ecb00000,0x00000000ecb00000,0x00000000ecd80000)
  to   space 2560K, 0% used [0x00000000ec880000,0x00000000ec880000,0x00000000ecb00000)
 ParOldGen       total 42496K, used 0K [0x00000000c2a00000, 0x00000000c5380000, 0x00000000eb900000)
  object space 42496K, 0% used [0x00000000c2a00000,0x00000000c2a00000,0x00000000c5380000)
 Metaspace       used 6639K, capacity 6880K, committed 7040K, reserved 1056768K
  class space    used 756K, capacity 828K, committed 896K, reserved 1048576K
Event: 10.487 GC heap after
Heap after GC invocations=1 (full 0):
 PSYoungGen      total 18432K, used 2513K [0x00000000eb900000, 0x00000000edd00000, 0x0000000100000000)
  eden space 15872K, 0% used [0x00000000eb900000,0x00000000eb900000,0x00000000ec880000)
  from space 2560K, 98% used [0x00000000ec880000,0x00000000ecaf4648,0x00000000ecb00000)
  to   space 2560K, 0% used [0x00000000eda80000,0x00000000eda80000,0x00000000edd00000)
 ParOldGen       total 42496K, used 8K [0x00000000c2a00000, 0x00000000c5380000, 0x00000000eb900000)
  object space 42496K, 0% used [0x00000000c2a00000,0x00000000c2a02000,0x00000000c5380000)
 Metaspace       used 6639K, capacity 6880K, committed 7040K, reserved 1056768K
  class space    used 756K, capacity 828K, committed 896K, reserved 1048576K
}
Event: 17.230 GC heap before
{Heap before GC invocations=2 (full 0):
 PSYoungGen      total 18432K, used 18385K [0x00000000eb900000, 0x00000000edd00000, 0x0000000100000000)
  eden space 15872K, 100% used [0x00000000eb900000,0x00000000ec880000,0x00000000ec880000)
  from space 2560K, 98% used [0x00000000ec880000,0x00000000ecaf4648,0x00000000ecb00000)
  to   space 2560K, 0% used [0x00000000eda80000,0x00000000eda80000,0x00000000edd00000)
 ParOldGen       total 42496K, used 8K [0x00000000c2a00000, 0x00000000c5380000, 0x00000000eb900000)
  object space 42496K, 0% used [0x00000000c2a00000,0x00000000c2a02000,0x00000000c5380000)
 Metaspace       used 9562K, capacity 9834K, committed 9984K, reserved 1058816K
  class space    used 1126K, capacity 1213K, committed 1280K, reserved 1048576K
Event: 17.342 GC heap after
Heap after GC invocations=2 (full 0):
 PSYoungGen      total 34304K, used 2544K [0x00000000eb900000, 0x00000000edd00000, 0x0000000100000000)
  eden space 31744K, 0% used [0x00000000eb900000,0x00000000eb900000,0x00000000ed800000)
  from space 2560K, 99% used [0x00000000eda80000,0x00000000edcfc010,0x00000000edd00000)
  to   space 2560K, 0% used [0x00000000ed800000,0x00000000ed800000,0x00000000eda80000)
 ParOldGen       total 42496K, used 641K [0x00000000c2a00000, 0x00000000c5380000, 0x00000000eb900000)
  object space 42496K, 1% used [0x00000000c2a00000,0x00000000c2aa0648,0x00000000c5380000)
 Metaspace       used 9562K, capacity 9834K, committed 9984K, reserved 1058816K
  class space    used 1126K, capacity 1213K, committed 1280K, reserved 1048576K
}
Event: 70.518 GC heap before
{Heap before GC invocations=3 (full 0):
 PSYoungGen      total 34304K, used 34288K [0x00000000eb900000, 0x00000000edd00000, 0x0000000100000000)
  eden space 31744K, 100% used [0x00000000eb900000,0x00000000ed800000,0x00000000ed800000)
  from space 2560K, 99% used [0x00000000eda80000,0x00000000edcfc010,0x00000000edd00000)
  to   space 2560K, 0% used [0x00000000ed800000,0x00000000ed800000,0x00000000eda80000)
 ParOldGen       total 42496K, used 641K [0x00000000c2a00000, 0x00000000c5380000, 0x00000000eb900000)
  object space 42496K, 1% used [0x00000000c2a00000,0x00000000c2aa0648,0x00000000c5380000)
 Metaspace       used 12321K, capacity 12684K, committed 12800K, reserved 1060864K
  class space    used 1586K, capacity 1696K, committed 1792K, reserved 1048576K

Deoptimization events (5 events):
Event: 13.036 Thread 0x00007f6f0400e800 Uncommon trap: reason=unstable_if action=reinterpret pc=0x00007f6ef517500c method=java.lang.String.indexOf([CII[CIII)I @ 3
Event: 14.680 Thread 0x00007f6f045b6800 Uncommon trap: reason=range_check action=make_not_entrant pc=0x00007f6ef52ae580 method=sun.reflect.generics.parser.SignatureParser.current()C @ 34
Event: 14.680 Thread 0x00007f6f0400e800 Uncommon trap: reason=range_check action=make_not_entrant pc=0x00007f6ef52ae580 method=sun.reflect.generics.parser.SignatureParser.current()C @ 34
Event: 39.712 Thread 0x00007f6f0400e800 Uncommon trap: reason=predicate action=maybe_recompile pc=0x00007f6ef5318260 method=java.lang.String.regionMatches(ZILjava/lang/String;II)Z @ 63
Event: 70.308 Thread 0x00007f6f0400e800 Uncommon trap: reason=unstable_if action=reinterpret pc=0x00007f6ef53298ac method=java.net.URL.<init>(Ljava/net/URL;Ljava/lang/String;Ljava/net/URLStreamHandler;)V @ 347

Classes redefined (0 events):
No events

Internal exceptions (10 events):
Event: 13.861 Thread 0x00007f6f0400e800 Exception <a 'java/io/FileNotFoundException'> (0x00000000ec2210e0) thrown at [/build/openjdk-8-RKFhH1/openjdk-8-8u292-b10/src/hotspot/src/share/vm/prims/jni.cpp, line 711]
Event: 13.862 Thread 0x00007f6f045b6800 Exception <a 'java/lang/ArrayIndexOutOfBoundsException'> (0x00000000ec2c3900) thrown at [/build/openjdk-8-RKFhH1/openjdk-8-8u292-b10/src/hotspot/src/share/vm/runtime/sharedRuntime.cpp, line 609]
Event: 14.686 Thread 0x00007f6f0400e800 Exception <a 'java/lang/ArrayIndexOutOfBoundsException': 112> (0x00000000ec34fe80) thrown at [/build/openjdk-8-RKFhH1/openjdk-8-8u292-b10/src/hotspot/src/share/vm/interpreter/interpreterRuntime.cpp, line 371]
Event: 14.686 Thread 0x00007f6f045b6800 Exception <a 'java/lang/ArrayIndexOutOfBoundsException': 112> (0x00000000ec3aa368) thrown at [/build/openjdk-8-RKFhH1/openjdk-8-8u292-b10/src/hotspot/src/share/vm/interpreter/interpreterRuntime.cpp, line 371]
Event: 14.716 Thread 0x00007f6f0400e800 Exception <a 'java/lang/ArrayIndexOutOfBoundsException': 112> (0x00000000ec351940) thrown at [/build/openjdk-8-RKFhH1/openjdk-8-8u292-b10/src/hotspot/src/share/vm/interpreter/interpreterRuntime.cpp, line 371]
Event: 14.736 Thread 0x00007f6f045b6800 Exception <a 'java/lang/ArrayIndexOutOfBoundsException': 119> (0x00000000ec3b7148) thrown at [/build/openjdk-8-RKFhH1/openjdk-8-8u292-b10/src/hotspot/src/share/vm/interpreter/interpreterRuntime.cpp, line 371]
Event: 14.961 Thread 0x00007f6f045b6800 Exception <a 'java/lang/ArrayIndexOutOfBoundsException': 177> (0x00000000ec43ade0) thrown at [/build/openjdk-8-RKFhH1/openjdk-8-8u292-b10/src/hotspot/src/share/vm/interpreter/interpreterRuntime.cpp, line 371]
Event: 14.969 Thread 0x00007f6f0400e800 Exception <a 'java/lang/ArrayIndexOutOfBoundsException': 177> (0x00000000ec410758) thrown at [/build/openjdk-8-RKFhH1/openjdk-8-8u292-b10/src/hotspot/src/share/vm/interpreter/interpreterRuntime.cpp, line 371]
Event: 14.986 Thread 0x00007f6f045b6800 Exception <a 'java/lang/ArrayIndexOutOfBoundsException': 56> (0x00000000ec444b38) thrown at [/build/openjdk-8-RKFhH1/openjdk-8-8u292-b10/src/hotspot/src/share/vm/interpreter/interpreterRuntime.cpp, line 371]
Event: 35.716 Thread 0x00007f6f0400e800 Exception <a 'java/lang/NoSuchMethodError': java.lang.Object.lambda$chars$0()Ljava/util/Spliterator$OfInt;> (0x00000000ec7b9450) thrown at [/build/openjdk-8-RKFhH1/openjdk-8-8u292-b10/src/hotspot/src/share/vm/interpreter/linkResolver.cpp, line 620]

Events (10 events):
Event: 70.491 loading class org/hibernate/validator/constraints/Mod10Check
Event: 70.491 loading class org/hibernate/validator/constraints/Mod10Check done
Event: 70.492 loading class org/hibernate/validator/internal/constraintvalidators/hv/Mod10CheckValidator
Event: 70.492 loading class org/hibernate/validator/internal/constraintvalidators/hv/Mod10CheckValidator done
Event: 70.492 loading class org/hibernate/validator/constraints/Mod11Check
Event: 70.492 loading class org/hibernate/validator/constraints/Mod11Check done
Event: 70.494 loading class org/hibernate/validator/internal/constraintvalidators/hv/Mod11CheckValidator
Event: 70.494 loading class org/hibernate/validator/internal/constraintvalidators/hv/Mod11CheckValidator done
Event: 70.494 Executing VM operation: ParallelGCFailedAllocation
Event: 70.514 Thread 0x00007f6f0400e800 DEOPT UNPACKING pc=0x00007f6ef504547a sp=0x00007f6f0d8b0458 mode 2


Dynamic libraries:
c2a00000-c5380000 rw-p 00000000 00:00 0 
c5380000-eb900000 ---p 00000000 00:00 0 
eb900000-edd00000 rw-p 00000000 00:00 0 
efc00000-100000000 ---p 00000000 00:00 0 
100000000-1001c0000 rw-p 00000000 00:00 0 
1001c0000-140000000 ---p 00000000 00:00 0 
55ca7c5cd000-55ca7c5ce000 r-xp 00000000 08:01 658929                     /usr/lib/jvm/java-8-openjdk-amd64/jre/bin/java
55ca7c7cd000-55ca7c7ce000 r--p 00000000 08:01 658929                     /usr/lib/jvm/java-8-openjdk-amd64/jre/bin/java
55ca7c7ce000-55ca7c7cf000 rw-p 00001000 08:01 658929                     /usr/lib/jvm/java-8-openjdk-amd64/jre/bin/java
55ca7e131000-55ca7e152000 rw-p 00000000 00:00 0                          [heap]
7f6ebc000000-7f6ebc300000 rw-p 00000000 00:00 0 
7f6ebc300000-7f6ec0000000 ---p 00000000 00:00 0 
7f6ec0000000-7f6ec0107000 rw-p 00000000 00:00 0 
7f6ec0107000-7f6ec4000000 ---p 00000000 00:00 0 
7f6ec4000000-7f6ec4021000 rw-p 00000000 00:00 0 
7f6ec4021000-7f6ec8000000 ---p 00000000 00:00 0 
7f6ecc000000-7f6ecc021000 rw-p 00000000 00:00 0 
7f6ecc021000-7f6ed0000000 ---p 00000000 00:00 0 
7f6ed4000000-7f6ed4021000 rw-p 00000000 00:00 0 
7f6ed4021000-7f6ed8000000 ---p 00000000 00:00 0 
7f6ed8000000-7f6ed8400000 rw-p 00000000 00:00 0 
7f6ed8400000-7f6edc000000 ---p 00000000 00:00 0 
7f6edc000000-7f6edc021000 rw-p 00000000 00:00 0 
7f6edc021000-7f6ee0000000 ---p 00000000 00:00 0 
7f6ee0000000-7f6ee0021000 rw-p 00000000 00:00 0 
7f6ee0021000-7f6ee4000000 ---p 00000000 00:00 0 
7f6ee4000000-7f6ee4021000 rw-p 00000000 00:00 0 
7f6ee4021000-7f6ee8000000 ---p 00000000 00:00 0 
7f6ee8000000-7f6ee8021000 rw-p 00000000 00:00 0 
7f6ee8021000-7f6eec000000 ---p 00000000 00:00 0 
7f6eed95d000-7f6eed966000 r-xp 00000000 08:01 658857                     /usr/lib/jvm/java-8-openjdk-amd64/jre/lib/amd64/libmanagement.so
7f6eed966000-7f6eedb65000 ---p 00009000 08:01 658857                     /usr/lib/jvm/java-8-openjdk-amd64/jre/lib/amd64/libmanagement.so
7f6eedb65000-7f6eedb66000 r--p 00008000 08:01 658857                     /usr/lib/jvm/java-8-openjdk-amd64/jre/lib/amd64/libmanagement.so
7f6eedb66000-7f6eedb67000 rw-p 00009000 08:01 658857                     /usr/lib/jvm/java-8-openjdk-amd64/jre/lib/amd64/libmanagement.so
7f6eedb67000-7f6eedc27000 rw-p 00000000 00:00 0 
7f6eedc27000-7f6eedd67000 ---p 00000000 00:00 0 
7f6eedd67000-7f6eedf67000 rw-p 00000000 00:00 0 
7f6eedf67000-7f6eedf6a000 ---p 00000000 00:00 0 
7f6eedf6a000-7f6eee068000 rw-p 00000000 00:00 0 
7f6eee068000-7f6eee06f000 r--s 00000000 08:01 1051233                    /usr/lib/x86_64-linux-gnu/gconv/gconv-modules.cache
7f6eee06f000-7f6eee090000 r--p 00000000 08:01 1316669                    /usr/share/locale-langpack/zh_CN/LC_MESSAGES/libc.mo
7f6eee090000-7f6eee096000 r--s 0003b000 08:01 262121                     /home/hd/.gradle/caches/modules-2/files-2.1/org.apache.logging.log4j/log4j-api/2.11.1/268f0fe4df3eefe052b57c87ec48517d64fb2a10/log4j-api-2.11.1.jar
7f6eee096000-7f6eee0a1000 r--s 00069000 08:01 262120                     /home/hd/.gradle/caches/modules-2/files-2.1/ch.qos.logback/logback-core/1.2.3/864344400c3d4d92dfeb0a305dc87d953677c03c/logback-core-1.2.3.jar
7f6eee0a1000-7f6eee0a2000 r--s 00005000 08:01 261997                     /home/hd/.gradle/caches/modules-2/files-2.1/org.springframework/spring-jcl/5.1.3.RELEASE/d332735dbc9c3f48cac59fb832c5719eb62bbe4d/spring-jcl-5.1.3.RELEASE.jar
7f6eee0a2000-7f6eee0a4000 r--s 0000f000 08:01 262119                     /home/hd/.gradle/caches/modules-2/files-2.1/com.fasterxml/classmate/1.4.0/291658ac2ce2476256c7115943652c0accb5c857/classmate-1.4.0.jar
7f6eee0a4000-7f6eee0a9000 r--s 00012000 08:01 262117                     /home/hd/.gradle/caches/modules-2/files-2.1/javax.validation/validation-api/2.0.1.Final/cb855558e6271b1b32e716d24cb85c7f583ce09e/validation-api-2.0.1.Final.jar
7f6eee0a9000-7f6eee0ae000 r--s 00039000 08:01 262116                     /home/hd/.gradle/caches/modules-2/files-2.1/org.apache.tomcat.embed/tomcat-embed-el/9.0.13/5d8b3277df6197cb03233fe407f54012f7166c65/tomcat-embed-el-9.0.13.jar
7f6eee0ae000-7f6eee0d7000 r--s 002ed000 08:01 262115                     /home/hd/.gradle/caches/modules-2/files-2.1/org.apache.tomcat.embed/tomcat-embed-core/9.0.13/20c90a060e1e497e0c1398f59c058279a8ae203d/tomcat-embed-core-9.0.13.jar
7f6eee0d7000-7f6eee0dd000 r--s 0003b000 08:01 262114                     /home/hd/.gradle/caches/modules-2/files-2.1/org.apache.tomcat.embed/tomcat-embed-websocket/9.0.13/91833d914b210ee93ad20b45e127e7d15268392d/tomcat-embed-websocket-9.0.13.jar
7f6eee0dd000-7f6eee0e4000 r--s 00043000 08:01 262123                     /home/hd/.gradle/caches/modules-2/files-2.1/org.yaml/snakeyaml/1.23/ec62d74fe50689c28c0ff5b35d3aebcaa8b5be68/snakeyaml-1.23.jar
7f6eee0e4000-7f6eee0fc000 r--s 00123000 08:01 261996                     /home/hd/.gradle/caches/modules-2/files-2.1/org.springframework/spring-core/5.1.3.RELEASE/b1e5325d35bfb27e42d57e9295510cad54ed8fdf/spring-core-5.1.3.RELEASE.jar
7f6eee0fc000-7f6eee108000 r--s 00098000 08:01 262112                     /home/hd/.gradle/caches/modules-2/files-2.1/org.springframework/spring-beans/5.1.3.RELEASE/9a15a7c84bd12516574bcaf87ffa38c1e65e8a2b/spring-beans-5.1.3.RELEASE.jar
7f6eee108000-7f6eee112000 r--s 00051000 08:01 262111                     /home/hd/.gradle/caches/modules-2/files-2.1/org.springframework/spring-aop/5.1.3.RELEASE/c6b69e5c73e17dd15b5a07d96ecfa2d2e7955705/spring-aop-5.1.3.RELEASE.jar
7f6eee112000-7f6eee12c000 r--s 000f3000 08:01 262110                     /home/hd/.gradle/caches/modules-2/files-2.1/org.springframework/spring-context/5.1.3.RELEASE/158929623ee0166fa930e88c3e2ca86a887088c0/spring-context-5.1.3.RELEASE.jar
7f6eee12c000-7f6eee150000 r--s 00113000 08:01 262106                     /home/hd/.gradle/caches/modules-2/files-2.1/org.springframework.boot/spring-boot-autoconfigure/2.1.1.RELEASE/b8238b78cefe6d964f996599556af9ac8669a83d/spring-boot-autoconfigure-2.1.1.RELEASE.jar
7f6eee150000-7f6ef0000000 rw-p 00000000 00:00 0 
7f6ef0000000-7f6ef0021000 rw-p 00000000 00:00 0 
7f6ef0021000-7f6ef4000000 ---p 00000000 00:00 0 
7f6ef4000000-7f6ef4002000 r--s 0000f000 08:01 262118                     /home/hd/.gradle/caches/modules-2/files-2.1/org.jboss.logging/jboss-logging/3.3.2.Final/3789d00e859632e6c6206adc0c71625559e6e3b0/jboss-logging-3.3.2.Final.jar
7f6ef4002000-7f6ef4007000 r--s 00040000 08:01 262113                     /home/hd/.gradle/caches/modules-2/files-2.1/org.springframework/spring-expression/5.1.3.RELEASE/628a471a077ab80f7fd66a5f5e42e2d67e6a9607/spring-expression-5.1.3.RELEASE.jar
7f6ef4007000-7f6ef4009000 r--s 00005000 08:01 262109                     /home/hd/.gradle/caches/modules-2/files-2.1/javax.annotation/javax.annotation-api/1.3.2/934c04d3cfef185a8008e7bf34331b79730a9d43/javax.annotation-api-1.3.2.jar
7f6ef4009000-7f6ef401e000 r--s 000d5000 08:01 262108                     /home/hd/.gradle/caches/modules-2/files-2.1/org.springframework.boot/spring-boot/2.1.1.RELEASE/35a3dd576bc3ad5832d0a7d7242b3b140095727b/spring-boot-2.1.1.RELEASE.jar
7f6ef401e000-7f6ef4023000 r--s 00036000 08:01 262105                     /home/hd/.gradle/caches/modules-2/files-2.1/com.google.code.gson/gson/2.8.5/f645ed69d595b24d4cf8b3fbb64cc505bede8829/gson-2.8.5.jar
7f6ef4023000-7f6ef403a000 r--s 00188000 08:01 262122                     /home/hd/.gradle/caches/modules-2/files-2.1/org.projectlombok/lombok/1.18.4/7103ab519b1cdbb0642ad4eaf1db209d905d0f96/lombok-1.18.4.jar
7f6ef403a000-7f6ef403e000 r--s 0004c000 08:01 262104                     /home/hd/.gradle/caches/modules-2/files-2.1/com.fasterxml.jackson.core/jackson-core/2.9.7/4b7f0e0dc527fab032e9800ed231080fdc3ac015/jackson-core-2.9.7.jar
7f6ef403e000-7f6ef4041000 r--s 0000e000 08:01 262103                     /home/hd/.gradle/caches/modules-2/files-2.1/com.fasterxml.jackson.core/jackson-annotations/2.9.0/7c10d545325e3a6e72e06381afe469fd40eb701/jackson-annotations-2.9.0.jar
7f6ef4041000-7f6ef4043000 r--s 0045d000 08:01 262107                     /home/hd/.gradle/caches/modules-2/files-2.1/org.fisco-bcos/tcnative/2.0.34.0/d76b76c1fdadce1d9df9e1c7aa6a79bc24c7018d/tcnative-2.0.34.0.jar
7f6ef4043000-7f6ef405f000 r--s 00135000 08:01 262102                     /home/hd/.gradle/caches/modules-2/files-2.1/org.springframework/spring-web/5.1.3.RELEASE/c875df33e6c5ac0df53e727a08d42b316e69918b/spring-web-5.1.3.RELEASE.jar
7f6ef405f000-7f6ef406e000 r--s 000b5000 08:01 262100                     /home/hd/.gradle/caches/modules-2/files-2.1/org.springframework/spring-webmvc/5.1.3.RELEASE/2ff9c2ddccaafd5b55756ceb4a65f02acb3b847a/spring-webmvc-5.1.3.RELEASE.jar
7f6ef406e000-7f6ef408b000 r--s 000fe000 08:01 262101                     /home/hd/.gradle/caches/modules-2/files-2.1/org.hibernate.validator/hibernate-validator/6.0.13.Final/af4232bf90ecd33c71147d67185dbb1cfe8f33df/hibernate-validator-6.0.13.Final.jar
7f6ef408b000-7f6ef408c000 r--s 00000000 08:01 262099                     /home/hd/.gradle/caches/modules-2/files-2.1/org.springframework.boot/spring-boot-starter-tomcat/2.1.1.RELEASE/4cbaa992fa5509edc74d9543ab5f8f14e20fb197/spring-boot-starter-tomcat-2.1.1.RELEASE.jar
7f6ef408c000-7f6ef408e000 r--s 0000e000 08:01 262098                     /home/hd/.gradle/caches/modules-2/files-2.1/com.moandjiezana.toml/toml4j/0.7.2/a03337911d0bd2c40932aca3946edb30d0e7d0c/toml4j-0.7.2.jar
7f6ef408e000-7f6ef4093000 r--s 00037000 08:01 262097                     /home/hd/.gradle/caches/modules-2/files-2.1/info.picocli/picocli/3.6.0/658e0dce77754c7df1e770c246aea0d25808dca7/picocli-3.6.0.jar
7f6ef4093000-7f6ef4095000 r--s 00014000 08:01 262096                     /home/hd/.gradle/caches/modules-2/files-2.1/com.squareup/javapoet/1.7.0/4fdcf1fc27c1a8f55d1109df986c923152f07759/javapoet-1.7.0.jar
7f6ef4095000-7f6ef40a8000 r--s 00137000 08:01 262094                     /home/hd/.gradle/caches/modules-2/files-2.1/com.fasterxml.jackson.core/jackson-databind/2.9.7/e6faad47abd3179666e89068485a1b88a195ceb7/jackson-databind-2.9.7.jar
7f6ef40a8000-7f6ef40eb000 r--s 00377000 08:01 262092                     /home/hd/.gradle/caches/modules-2/files-2.1/io.netty/netty-all/4.1.31.Final/5f4443a636f2ad9fffa5ace9ad76784cf8c8ba2d/netty-all-4.1.31.Final.jar
7f6ef40eb000-7f6ef4143000 r--s 003a7000 08:01 262088                     /home/hd/.gradle/caches/modules-2/files-2.1/org.bouncycastle/bcprov-jdk15on/1.60/bd47ad3bd14b8e82595c7adaa143501e60842a84/bcprov-jdk15on-1.60.jar
7f6ef4143000-7f6ef415b000 r-xp 00000000 08:01 658865                     /usr/lib/jvm/java-8-openjdk-amd64/jre/lib/amd64/libnet.so
7f6ef415b000-7f6ef435a000 ---p 00018000 08:01 658865                     /usr/lib/jvm/java-8-openjdk-amd64/jre/lib/amd64/libnet.so
7f6ef435a000-7f6ef435b000 r--p 00017000 08:01 658865                     /usr/lib/jvm/java-8-openjdk-amd64/jre/lib/amd64/libnet.so
7f6ef435b000-7f6ef435c000 rw-p 00018000 08:01 658865                     /usr/lib/jvm/java-8-openjdk-amd64/jre/lib/amd64/libnet.so
7f6ef435c000-7f6ef436e000 r-xp 00000000 08:01 658861                     /usr/lib/jvm/java-8-openjdk-amd64/jre/lib/amd64/libnio.so
7f6ef436e000-7f6ef456d000 ---p 00012000 08:01 658861                     /usr/lib/jvm/java-8-openjdk-amd64/jre/lib/amd64/libnio.so
7f6ef456d000-7f6ef456e000 r--p 00011000 08:01 658861                     /usr/lib/jvm/java-8-openjdk-amd64/jre/lib/amd64/libnio.so
7f6ef456e000-7f6ef456f000 rw-p 00012000 08:01 658861                     /usr/lib/jvm/java-8-openjdk-amd64/jre/lib/amd64/libnio.so
7f6ef456f000-7f6ef4570000 ---p 00000000 00:00 0 
7f6ef4570000-7f6ef4670000 rw-p 00000000 00:00 0 
7f6ef4670000-7f6ef4673000 ---p 00000000 00:00 0 
7f6ef4673000-7f6ef4771000 rw-p 00000000 00:00 0 
7f6ef4771000-7f6ef4774000 ---p 00000000 00:00 0 
7f6ef4774000-7f6ef4872000 rw-p 00000000 00:00 0 
7f6ef4872000-7f6ef4875000 ---p 00000000 00:00 0 
7f6ef4875000-7f6ef4973000 rw-p 00000000 00:00 0 
7f6ef4973000-7f6ef4976000 ---p 00000000 00:00 0 
7f6ef4976000-7f6ef4a74000 rw-p 00000000 00:00 0 
7f6ef4a74000-7f6ef4eff000 r--p 00000000 08:01 793374                     /usr/lib/locale/locale-archive
7f6ef4eff000-7f6ef4f02000 ---p 00000000 00:00 0 
7f6ef4f02000-7f6ef5000000 rw-p 00000000 00:00 0 
7f6ef5000000-7f6ef5360000 rwxp 00000000 00:00 0 
7f6ef5360000-7f6f04000000 ---p 00000000 00:00 0 
7f6f04000000-7f6f045e1000 rw-p 00000000 00:00 0 
7f6f045e1000-7f6f08000000 ---p 00000000 00:00 0 
7f6f08000000-7f6f08001000 r--s 0029f000 08:01 262078                     /home/hd/.gradle/caches/modules-2/files-2.1/com.webank/key-mini-toolkit/1.0.3/1e0f70274a5bdda552dfb64ff6714a284d08b00f/key-mini-toolkit-1.0.3.jar
7f6f08001000-7f6f08005000 r--s 0002a000 08:01 262095                     /home/hd/.gradle/caches/modules-2/files-2.1/commons-io/commons-io/2.4/b1b6ea3b7e4aa4f492509a4952029cd8e48019ad/commons-io-2.4.jar
7f6f08005000-7f6f08007000 r--s 00001000 08:01 262093                     /home/hd/.gradle/caches/modules-2/files-2.1/com.fasterxml.jackson.module/jackson-module-parameter-names/2.9.7/f2bdd7696beffa2dbc5dc62cd24c3906a40ffcff/jackson-module-parameter-names-2.9.7.jar
7f6f08007000-7f6f0800a000 r--s 00016000 08:01 262091                     /home/hd/.gradle/caches/modules-2/files-2.1/com.fasterxml.jackson.datatype/jackson-datatype-jsr310/2.9.7/cbd919f1ce67533e07b98dd493247e8dbabc26b2/jackson-datatype-jsr310-2.9.7.jar
7f6f0800a000-7f6f0800c000 r--s 00007000 08:01 262090                     /home/hd/.gradle/caches/modules-2/files-2.1/com.fasterxml.jackson.datatype/jackson-datatype-jdk8/2.9.7/98d8f190db07f97c64c0ea3af5792f718a6c2cc1/jackson-datatype-jdk8-2.9.7.jar
7f6f0800c000-7f6f08014000 r--s 00073000 08:01 262089                     /home/hd/.gradle/caches/modules-2/files-2.1/org.apache.commons/commons-lang3/3.8.1/6505a72a097d9270f7a9e7bf42c4238283247755/commons-lang3-3.8.1.jar
7f6f08014000-7f6f08016000 r--s 00001000 08:01 262087                     /home/hd/.gradle/caches/modules-2/files-2.1/org.fisco-bcos/netty-sm-ssl-context/1.2.0/6a987bc9092495b938e5a8bd6a6c5b672cb7a4e8/netty-sm-ssl-context-1.2.0.jar
7f6f08016000-7f6f08018000 r--s 00005000 08:01 262086                     /home/hd/.gradle/caches/modules-2/files-2.1/org.slf4j/slf4j-api/1.7.5/6b262da268f8ad9eff941b25503a9198f0a0ac93/slf4j-api-1.7.5.jar
7f6f08018000-7f6f0801a000 r--s 00000000 08:01 262085                     /home/hd/.gradle/caches/modules-2/files-2.1/org.slf4j/jul-to-slf4j/1.7.25/af5364cd6679bfffb114f0dec8a157aaa283b76/jul-to-slf4j-1.7.25.jar
7f6f0801a000-7f6f0801c000 r--s 00003000 08:01 262084                     /home/hd/.gradle/caches/modules-2/files-2.1/org.apache.logging.log4j/log4j-to-slf4j/2.11.1/1097acadf76aa4dd721ec5807566003ae9d975de/log4j-to-slf4j-2.11.1.jar
7f6f0801c000-7f6f08022000 r--s 00041000 08:01 262083                     /home/hd/.gradle/caches/modules-2/files-2.1/ch.qos.logback/logback-classic/1.2.3/7c4f3c474fb2c041d8028740440937705ebb473a/logback-classic-1.2.3.jar
7f6f08022000-7f6f08023000 r--s 00000000 08:01 262082                     /home/hd/.gradle/caches/modules-2/files-2.1/org.springframework.boot/spring-boot-starter-logging/2.1.1.RELEASE/f0cba1cfbc46eb02a3af3555e1136ef3890a1bbf/spring-boot-starter-logging-2.1.1.RELEASE.jar
7f6f08023000-7f6f08024000 r--s 00000000 08:01 262081                     /home/hd/.gradle/caches/modules-2/files-2.1/org.springframework.boot/spring-boot-starter/2.1.1.RELEASE/71df6742de72887214813ff03ae0b6ec4bbcf899/spring-boot-starter-2.1.1.RELEASE.jar
7f6f08024000-7f6f08025000 r--s 00000000 08:01 262080                     /home/hd/.gradle/caches/modules-2/files-2.1/org.springframework.boot/spring-boot-starter-json/2.1.1.RELEASE/5fc133c1c1858020dd8df5192eaeea747c8b6e60/spring-boot-starter-json-2.1.1.RELEASE.jar
7f6f08025000-7f6f08038000 r--s 000b0000 08:01 262077                     /home/hd/.gradle/caches/modules-2/files-2.1/org.fisco-bcos.java-sdk/fisco-bcos-java-sdk/2.7.2/f9b1c110567aae2a49477f97f1bebe6c45011fe8/fisco-bcos-java-sdk-2.7.2.jar
7f6f08038000-7f6f08069000 rw-p 00000000 00:00 0 
7f6f08069000-7f6f0806b000 r--s 00008000 08:01 658839                     /usr/lib/jvm/java-8-openjdk-amd64/jre/lib/ext/sunec.jar
7f6f0806b000-7f6f08076000 r--s 00116000 08:01 658844                     /usr/lib/jvm/java-8-openjdk-amd64/jre/lib/ext/localedata.jar
7f6f08076000-7f6f08091000 r--s 001d6000 08:01 658842                     /usr/lib/jvm/java-8-openjdk-amd64/jre/lib/ext/nashorn.jar
7f6f08091000-7f6f08094000 r--s 0000f000 08:01 658846                     /usr/lib/jvm/java-8-openjdk-amd64/jre/lib/ext/icedtea-sound.jar
7f6f08094000-7f6f080af000 r--s 00394000 08:01 658840                     /usr/lib/jvm/java-8-openjdk-amd64/jre/lib/ext/cldrdata.jar
7f6f080af000-7f6f080b2000 ---p 00000000 00:00 0 
7f6f080b2000-7f6f081b0000 rw-p 00000000 00:00 0 
7f6f081b0000-7f6f081b1000 ---p 00000000 00:00 0 
7f6f081b1000-7f6f08c29000 rw-p 00000000 00:00 0 
7f6f08c29000-7f6f08dfa000 r--s 03ca5000 08:01 658818                     /usr/lib/jvm/java-8-openjdk-amd64/jre/lib/rt.jar
7f6f08dfa000-7f6f0985b000 rw-p 00000000 00:00 0 
7f6f0985b000-7f6f0985c000 ---p 00000000 00:00 0 
7f6f0985c000-7f6f0995c000 rw-p 00000000 00:00 0 
7f6f0995c000-7f6f0995d000 ---p 00000000 00:00 0 
7f6f0995d000-7f6f09a72000 rw-p 00000000 00:00 0 
7f6f09a72000-7f6f09ba5000 ---p 00000000 00:00 0 
7f6f09ba5000-7f6f09bba000 rw-p 00000000 00:00 0 
7f6f09bba000-7f6f09cec000 ---p 00000000 00:00 0 
7f6f09cec000-7f6f09cff000 rw-p 00000000 00:00 0 
7f6f09cff000-7f6f09d90000 ---p 00000000 00:00 0 
7f6f09d90000-7f6f09d9f000 rw-p 00000000 00:00 0 
7f6f09d9f000-7f6f0a151000 ---p 00000000 00:00 0 
7f6f0a151000-7f6f0a159000 r-xp 00000000 08:01 658864                     /usr/lib/jvm/java-8-openjdk-amd64/jre/lib/amd64/libzip.so
7f6f0a159000-7f6f0a358000 ---p 00008000 08:01 658864                     /usr/lib/jvm/java-8-openjdk-amd64/jre/lib/amd64/libzip.so
7f6f0a358000-7f6f0a359000 r--p 00007000 08:01 658864                     /usr/lib/jvm/java-8-openjdk-amd64/jre/lib/amd64/libzip.so
7f6f0a359000-7f6f0a35a000 rw-p 00008000 08:01 658864                     /usr/lib/jvm/java-8-openjdk-amd64/jre/lib/amd64/libzip.so
7f6f0a35a000-7f6f0a365000 r-xp 00000000 08:01 529679                     /lib/x86_64-linux-gnu/libnss_files-2.23.so
7f6f0a365000-7f6f0a564000 ---p 0000b000 08:01 529679                     /lib/x86_64-linux-gnu/libnss_files-2.23.so
7f6f0a564000-7f6f0a565000 r--p 0000a000 08:01 529679                     /lib/x86_64-linux-gnu/libnss_files-2.23.so
7f6f0a565000-7f6f0a566000 rw-p 0000b000 08:01 529679                     /lib/x86_64-linux-gnu/libnss_files-2.23.so
7f6f0a566000-7f6f0a56c000 rw-p 00000000 00:00 0 
7f6f0a56c000-7f6f0a577000 r-xp 00000000 08:01 529688                     /lib/x86_64-linux-gnu/libnss_nis-2.23.so
7f6f0a577000-7f6f0a776000 ---p 0000b000 08:01 529688                     /lib/x86_64-linux-gnu/libnss_nis-2.23.so
7f6f0a776000-7f6f0a777000 r--p 0000a000 08:01 529688                     /lib/x86_64-linux-gnu/libnss_nis-2.23.so
7f6f0a777000-7f6f0a778000 rw-p 0000b000 08:01 529688                     /lib/x86_64-linux-gnu/libnss_nis-2.23.so
7f6f0a778000-7f6f0a78e000 r-xp 00000000 08:01 529698                     /lib/x86_64-linux-gnu/libnsl-2.23.so
7f6f0a78e000-7f6f0a98d000 ---p 00016000 08:01 529698                     /lib/x86_64-linux-gnu/libnsl-2.23.so
7f6f0a98d000-7f6f0a98e000 r--p 00015000 08:01 529698                     /lib/x86_64-linux-gnu/libnsl-2.23.so
7f6f0a98e000-7f6f0a98f000 rw-p 00016000 08:01 529698                     /lib/x86_64-linux-gnu/libnsl-2.23.so
7f6f0a98f000-7f6f0a991000 rw-p 00000000 00:00 0 
7f6f0a991000-7f6f0a999000 r-xp 00000000 08:01 529770                     /lib/x86_64-linux-gnu/libnss_compat-2.23.so
7f6f0a999000-7f6f0ab98000 ---p 00008000 08:01 529770                     /lib/x86_64-linux-gnu/libnss_compat-2.23.so
7f6f0ab98000-7f6f0ab99000 r--p 00007000 08:01 529770                     /lib/x86_64-linux-gnu/libnss_compat-2.23.so
7f6f0ab99000-7f6f0ab9a000 rw-p 00008000 08:01 529770                     /lib/x86_64-linux-gnu/libnss_compat-2.23.so
7f6f0ab9a000-7f6f0abc4000 r-xp 00000000 08:01 658871                     /usr/lib/jvm/java-8-openjdk-amd64/jre/lib/amd64/libjava.so
7f6f0abc4000-7f6f0adc3000 ---p 0002a000 08:01 658871                     /usr/lib/jvm/java-8-openjdk-amd64/jre/lib/amd64/libjava.so
7f6f0adc3000-7f6f0adc4000 r--p 00029000 08:01 658871                     /usr/lib/jvm/java-8-openjdk-amd64/jre/lib/amd64/libjava.so
7f6f0adc4000-7f6f0adc6000 rw-p 0002a000 08:01 658871                     /usr/lib/jvm/java-8-openjdk-amd64/jre/lib/amd64/libjava.so
7f6f0adc6000-7f6f0add5000 r-xp 00000000 08:01 658869                     /usr/lib/jvm/java-8-openjdk-amd64/jre/lib/amd64/libverify.so
7f6f0add5000-7f6f0afd4000 ---p 0000f000 08:01 658869                     /usr/lib/jvm/java-8-openjdk-amd64/jre/lib/amd64/libverify.so
7f6f0afd4000-7f6f0afd6000 r--p 0000e000 08:01 658869                     /usr/lib/jvm/java-8-openjdk-amd64/jre/lib/amd64/libverify.so
7f6f0afd6000-7f6f0afd7000 rw-p 00010000 08:01 658869                     /usr/lib/jvm/java-8-openjdk-amd64/jre/lib/amd64/libverify.so
7f6f0afd7000-7f6f0afde000 r-xp 00000000 08:01 529654                     /lib/x86_64-linux-gnu/librt-2.23.so
7f6f0afde000-7f6f0b1dd000 ---p 00007000 08:01 529654                     /lib/x86_64-linux-gnu/librt-2.23.so
7f6f0b1dd000-7f6f0b1de000 r--p 00006000 08:01 529654                     /lib/x86_64-linux-gnu/librt-2.23.so
7f6f0b1de000-7f6f0b1df000 rw-p 00007000 08:01 529654                     /lib/x86_64-linux-gnu/librt-2.23.so
7f6f0b1df000-7f6f0b1f5000 r-xp 00000000 08:01 528908                     /lib/x86_64-linux-gnu/libgcc_s.so.1
7f6f0b1f5000-7f6f0b3f4000 ---p 00016000 08:01 528908                     /lib/x86_64-linux-gnu/libgcc_s.so.1
7f6f0b3f4000-7f6f0b3f5000 rw-p 00015000 08:01 528908                     /lib/x86_64-linux-gnu/libgcc_s.so.1
7f6f0b3f5000-7f6f0b4fd000 r-xp 00000000 08:01 529683                     /lib/x86_64-linux-gnu/libm-2.23.so
7f6f0b4fd000-7f6f0b6fc000 ---p 00108000 08:01 529683                     /lib/x86_64-linux-gnu/libm-2.23.so
7f6f0b6fc000-7f6f0b6fd000 r--p 00107000 08:01 529683                     /lib/x86_64-linux-gnu/libm-2.23.so
7f6f0b6fd000-7f6f0b6fe000 rw-p 00108000 08:01 529683                     /lib/x86_64-linux-gnu/libm-2.23.so
7f6f0b6fe000-7f6f0b870000 r-xp 00000000 08:01 793666                     /usr/lib/x86_64-linux-gnu/libstdc++.so.6.0.21
7f6f0b870000-7f6f0ba70000 ---p 00172000 08:01 793666                     /usr/lib/x86_64-linux-gnu/libstdc++.so.6.0.21
7f6f0ba70000-7f6f0ba7a000 r--p 00172000 08:01 793666                     /usr/lib/x86_64-linux-gnu/libstdc++.so.6.0.21
7f6f0ba7a000-7f6f0ba7c000 rw-p 0017c000 08:01 793666                     /usr/lib/x86_64-linux-gnu/libstdc++.so.6.0.21
7f6f0ba7c000-7f6f0ba80000 rw-p 00000000 00:00 0 
7f6f0ba80000-7f6f0c7a6000 r-xp 00000000 08:01 658888                     /usr/lib/jvm/java-8-openjdk-amd64/jre/lib/amd64/server/libjvm.so
7f6f0c7a6000-7f6f0c9a5000 ---p 00d26000 08:01 658888                     /usr/lib/jvm/java-8-openjdk-amd64/jre/lib/amd64/server/libjvm.so
7f6f0c9a5000-7f6f0ca3b000 r--p 00d25000 08:01 658888                     /usr/lib/jvm/java-8-openjdk-amd64/jre/lib/amd64/server/libjvm.so
7f6f0ca3b000-7f6f0ca64000 rw-p 00dbb000 08:01 658888                     /usr/lib/jvm/java-8-openjdk-amd64/jre/lib/amd64/server/libjvm.so
7f6f0ca64000-7f6f0ca97000 rw-p 00000000 00:00 0 
7f6f0ca97000-7f6f0caaf000 r-xp 00000000 08:01 529582                     /lib/x86_64-linux-gnu/libpthread-2.23.so
7f6f0caaf000-7f6f0ccae000 ---p 00018000 08:01 529582                     /lib/x86_64-linux-gnu/libpthread-2.23.so
7f6f0ccae000-7f6f0ccaf000 r--p 00017000 08:01 529582                     /lib/x86_64-linux-gnu/libpthread-2.23.so
7f6f0ccaf000-7f6f0ccb0000 rw-p 00018000 08:01 529582                     /lib/x86_64-linux-gnu/libpthread-2.23.so
7f6f0ccb0000-7f6f0ccb4000 rw-p 00000000 00:00 0 
7f6f0ccb4000-7f6f0ccb7000 r-xp 00000000 08:01 529603                     /lib/x86_64-linux-gnu/libdl-2.23.so
7f6f0ccb7000-7f6f0ceb6000 ---p 00003000 08:01 529603                     /lib/x86_64-linux-gnu/libdl-2.23.so
7f6f0ceb6000-7f6f0ceb7000 r--p 00002000 08:01 529603                     /lib/x86_64-linux-gnu/libdl-2.23.so
7f6f0ceb7000-7f6f0ceb8000 rw-p 00003000 08:01 529603                     /lib/x86_64-linux-gnu/libdl-2.23.so
7f6f0ceb8000-7f6f0ced1000 r-xp 00000000 08:01 529061                     /lib/x86_64-linux-gnu/libz.so.1.2.8
7f6f0ced1000-7f6f0d0d0000 ---p 00019000 08:01 529061                     /lib/x86_64-linux-gnu/libz.so.1.2.8
7f6f0d0d0000-7f6f0d0d1000 r--p 00018000 08:01 529061                     /lib/x86_64-linux-gnu/libz.so.1.2.8
7f6f0d0d1000-7f6f0d0d2000 rw-p 00019000 08:01 529061                     /lib/x86_64-linux-gnu/libz.so.1.2.8
7f6f0d0d2000-7f6f0d292000 r-xp 00000000 08:01 529767                     /lib/x86_64-linux-gnu/libc-2.23.so
7f6f0d292000-7f6f0d492000 ---p 001c0000 08:01 529767                     /lib/x86_64-linux-gnu/libc-2.23.so
7f6f0d492000-7f6f0d496000 r--p 001c0000 08:01 529767                     /lib/x86_64-linux-gnu/libc-2.23.so
7f6f0d496000-7f6f0d498000 rw-p 001c4000 08:01 529767                     /lib/x86_64-linux-gnu/libc-2.23.so
7f6f0d498000-7f6f0d49c000 rw-p 00000000 00:00 0 
7f6f0d49c000-7f6f0d4aa000 r-xp 00000000 08:01 658877                     /usr/lib/jvm/java-8-openjdk-amd64/jre/lib/amd64/jli/libjli.so
7f6f0d4aa000-7f6f0d6a9000 ---p 0000e000 08:01 658877                     /usr/lib/jvm/java-8-openjdk-amd64/jre/lib/amd64/jli/libjli.so
7f6f0d6a9000-7f6f0d6aa000 r--p 0000d000 08:01 658877                     /usr/lib/jvm/java-8-openjdk-amd64/jre/lib/amd64/jli/libjli.so
7f6f0d6aa000-7f6f0d6ab000 rw-p 0000e000 08:01 658877                     /usr/lib/jvm/java-8-openjdk-amd64/jre/lib/amd64/jli/libjli.so
7f6f0d6ab000-7f6f0d6d1000 r-xp 00000000 08:01 529680                     /lib/x86_64-linux-gnu/ld-2.23.so
7f6f0d6d1000-7f6f0d6d2000 r--s 00000000 08:01 262079                     /home/hd/.gradle/caches/modules-2/files-2.1/org.springframework.boot/spring-boot-starter-web/2.1.1.RELEASE/fccdac7bbd88561a33868101813d9210bd7a13b9/spring-boot-starter-web-2.1.1.RELEASE.jar
7f6f0d6d2000-7f6f0d6d8000 r--s 0003d000 08:01 658848                     /usr/lib/jvm/java-8-openjdk-amd64/jre/lib/ext/sunjce_provider.jar
7f6f0d6d8000-7f6f0d7b1000 rw-p 00000000 00:00 0 
7f6f0d7b1000-7f6f0d7b4000 ---p 00000000 00:00 0 
7f6f0d7b4000-7f6f0d8b6000 rw-p 00000000 00:00 0 
7f6f0d8b6000-7f6f0d8ba000 r--s 00040000 08:01 658845                     /usr/lib/jvm/java-8-openjdk-amd64/jre/lib/ext/sunpkcs11.jar
7f6f0d8ba000-7f6f0d8bc000 r--s 00010000 08:01 658841                     /usr/lib/jvm/java-8-openjdk-amd64/jre/lib/ext/zipfs.jar
7f6f0d8bc000-7f6f0d8be000 r--s 00001000 08:01 658847                     /usr/lib/jvm/java-8-openjdk-amd64/jre/lib/ext/dnsns.jar
7f6f0d8be000-7f6f0d8bf000 r--s 0000a000 08:01 658843                     /usr/lib/jvm/java-8-openjdk-amd64/jre/lib/ext/jaccess.jar
7f6f0d8bf000-7f6f0d8c5000 r--s 000d3000 08:01 658826                     /usr/lib/jvm/java-8-openjdk-amd64/jre/lib/jfr.jar
7f6f0d8c5000-7f6f0d8cd000 rw-s 00000000 08:01 262246                     /tmp/hsperfdata_hd/7370
7f6f0d8cd000-7f6f0d8ce000 rw-p 00000000 00:00 0 
7f6f0d8ce000-7f6f0d8cf000 ---p 00000000 00:00 0 
7f6f0d8cf000-7f6f0d8d0000 rw-p 00000000 00:00 0 
7f6f0d8d0000-7f6f0d8d1000 r--p 00025000 08:01 529680                     /lib/x86_64-linux-gnu/ld-2.23.so
7f6f0d8d1000-7f6f0d8d2000 rw-p 00026000 08:01 529680                     /lib/x86_64-linux-gnu/ld-2.23.so
7f6f0d8d2000-7f6f0d8d3000 rw-p 00000000 00:00 0 
7ffe7255a000-7ffe7257d000 rw-p 00000000 00:00 0                          [stack]
7ffe725ae000-7ffe725b1000 r--p 00000000 00:00 0                          [vvar]
7ffe725b1000-7ffe725b3000 r-xp 00000000 00:00 0                          [vdso]
ffffffffff600000-ffffffffff601000 r-xp 00000000 00:00 0                  [vsyscall]

VM Arguments:
jvm_args: -Dfile.encoding=UTF-8 -Duser.country=CN -Duser.language=zh -Duser.variant 
java_command: org.example.demo.Application
java_class_path (initial): /home/hd/下载/demo/build/classes/java/main:/home/hd/下载/demo/build/resources/main:/home/hd/.gradle/caches/modules-2/files-2.1/org.fisco-bcos.java-sdk/fisco-bcos-java-sdk/2.7.2/f9b1c110567aae2a49477f97f1bebe6c45011fe8/fisco-bcos-java-sdk-2.7.2.jar:/home/hd/.gradle/caches/modules-2/files-2.1/org.springframework.boot/spring-boot-starter-web/2.1.1.RELEASE/fccdac7bbd88561a33868101813d9210bd7a13b9/spring-boot-starter-web-2.1.1.RELEASE.jar:/home/hd/.gradle/caches/modules-2/files-2.1/org.springframework.boot/spring-boot-starter-json/2.1.1.RELEASE/5fc133c1c1858020dd8df5192eaeea747c8b6e60/spring-boot-starter-json-2.1.1.RELEASE.jar:/home/hd/.gradle/caches/modules-2/files-2.1/org.springframework.boot/spring-boot-starter/2.1.1.RELEASE/71df6742de72887214813ff03ae0b6ec4bbcf899/spring-boot-starter-2.1.1.RELEASE.jar:/home/hd/.gradle/caches/modules-2/files-2.1/org.springframework.boot/spring-boot-starter-logging/2.1.1.RELEASE/f0cba1cfbc46eb02a3af3555e1136ef3890a1bbf/spring-boot-starter-logging-2.1.1.RELEASE.jar:/home/hd/.gradle/caches/modules-2/files-2.1/ch.qos.logback/logback-classic/1.2.3/7c4f3c474fb2c041d8028740440937705ebb473a/logback-classic-1.2.3.jar:/home/hd/.gradle/caches/modules-2/files-2.1/org.apache.logging.log4j/log4j-to-slf4j/2.11.1/1097acadf76aa4dd721ec5807566003ae9d975de/log4j-to-slf4j-2.11.1.jar:/home/hd/.gradle/caches/modules-2/files-2.1/org.slf4j/jul-to-slf4j/1.7.25/af5364cd6679bfffb114f0dec8a157aaa283b76/jul-to-slf4j-1.7.25.jar:/home/hd/.gradle/caches/modules-2/files-2.1/org.slf4j/slf4j-api/1.7.5/6b262da268f8ad9eff941b25503a9198f0a0ac93/slf4j-api-1.7.5.jar:/home/hd/.gradle/caches/modules-2/files-2.1/org.fisco-bcos/netty-sm-ssl-context/1.2.0/6a987bc9092495b938e5a8bd6a6c5b672cb7a4e8/netty-sm-ssl-context-1.2.0.jar:/home/hd/.gradle/caches/modules-2/files-2.1/org.bouncycastle/bcprov-jdk15on/1.60/bd47ad3bd14b8e82595c7adaa143501e60842a84/bcprov-jdk15on-1.60.jar:/home/hd/.gradle/caches/modules-2/files-2.1/org.apache.commons/commons-lang3/3
Launcher Type: SUN_STANDARD

Environment Variables:
PATH=/home/hd/bin:/home/hd/.local/bin:/usr/local/sbin:/usr/local/bin:/usr/sbin:/usr/bin:/sbin:/bin:/usr/games:/usr/local/games:/snap/bin
SHELL=/bin/bash
DISPLAY=:0

Signal Handlers:
SIGSEGV: [libjvm.so+0xb1f1b0], sa_mask[0]=11111111011111111101111111111110, sa_flags=SA_RESTART|SA_SIGINFO
SIGBUS: [libjvm.so+0xb1f1b0], sa_mask[0]=11111111011111111101111111111110, sa_flags=SA_RESTART|SA_SIGINFO
SIGFPE: [libjvm.so+0x956cf0], sa_mask[0]=11111111011111111101111111111110, sa_flags=SA_RESTART|SA_SIGINFO
SIGPIPE: [libjvm.so+0x956cf0], sa_mask[0]=11111111011111111101111111111110, sa_flags=SA_RESTART|SA_SIGINFO
SIGXFSZ: [libjvm.so+0x956cf0], sa_mask[0]=11111111011111111101111111111110, sa_flags=SA_RESTART|SA_SIGINFO
SIGILL: [libjvm.so+0x956cf0], sa_mask[0]=11111111011111111101111111111110, sa_flags=SA_RESTART|SA_SIGINFO
SIGUSR1: SIG_DFL, sa_mask[0]=00000000000000000000000000000000, sa_flags=none
SIGUSR2: [libjvm.so+0x956ba0], sa_mask[0]=00100000000000000000000000000000, sa_flags=SA_RESTART|SA_SIGINFO
SIGHUP: [libjvm.so+0x957230], sa_mask[0]=11111111011111111101111111111110, sa_flags=SA_RESTART|SA_SIGINFO
SIGINT: [libjvm.so+0x957230], sa_mask[0]=11111111011111111101111111111110, sa_flags=SA_RESTART|SA_SIGINFO
SIGTERM: [libjvm.so+0x957230], sa_mask[0]=11111111011111111101111111111110, sa_flags=SA_RESTART|SA_SIGINFO
SIGQUIT: [libjvm.so+0x957230], sa_mask[0]=11111111011111111101111111111110, sa_flags=SA_RESTART|SA_SIGINFO


---------------  S Y S T E M  ---------------

OS:DISTRIB_ID=Ubuntu
DISTRIB_RELEASE=16.04
DISTRIB_CODENAME=xenial
DISTRIB_DESCRIPTION="Ubuntu 16.04.7 LTS"

uname:Linux 4.15.0-142-generic #146~16.04.1-Ubuntu SMP Tue Apr 13 09:27:15 UTC 2021 x86_64
libc:glibc 2.23 NPTL 2.23 
rlimit: STACK 8192k, CORE 0k, NPROC 15446, NOFILE 1048576, AS infinity
load average:21.66 9.81 6.41

/proc/meminfo:
MemTotal:        4015900 kB
MemFree:           86148 kB
MemAvailable:          0 kB
Buffers:             160 kB
Cached:            63036 kB
SwapCached:         1144 kB
Active:          2847588 kB
Inactive:         575636 kB
Active(anon):    2840768 kB
Inactive(anon):   568264 kB
Active(file):       6820 kB
Inactive(file):     7372 kB
Unevictable:          48 kB
Mlocked:              48 kB
SwapTotal:        998396 kB
SwapFree:              0 kB
Dirty:               104 kB
Writeback:            40 kB
AnonPages:       3359640 kB
Mapped:            13364 kB
Shmem:             48300 kB
Slab:             106328 kB
SReclaimable:      40416 kB
SUnreclaim:        65912 kB
KernelStack:       19904 kB
PageTables:        49448 kB
NFS_Unstable:          0 kB
Bounce:                0 kB
WritebackTmp:          0 kB
CommitLimit:     3006344 kB
Committed_AS:    9805220 kB
VmallocTotal:   34359738367 kB
VmallocUsed:           0 kB
VmallocChunk:          0 kB
HardwareCorrupted:     0 kB
AnonHugePages:         0 kB
ShmemHugePages:        0 kB
ShmemPmdMapped:        0 kB
CmaTotal:              0 kB
CmaFree:               0 kB
HugePages_Total:       0
HugePages_Free:        0
HugePages_Rsvd:        0
HugePages_Surp:        0
Hugepagesize:       2048 kB
DirectMap4k:      157504 kB
DirectMap2M:     4036608 kB
DirectMap1G:     2097152 kB

container (cgroup) information:
container_type: cgroupv1
cpu_cpuset_cpus: 0-1
cpu_memory_nodes: 0
active_processor_count: 2
cpu_quota: -1
cpu_period: 100000
cpu_shares: -1
memory_limit_in_bytes: -1
memory_and_swap_limit_in_bytes: -2
memory_soft_limit_in_bytes: -1
memory_usage_in_bytes: 3505590272
memory_max_usage_in_bytes: 151293952


CPU:total 2 (initial active 2) (1 cores per cpu, 1 threads per core) family 6 model 140 stepping 1, cmov, cx8, fxsr, mmx, sse, sse2, sse3, ssse3, sse4.1, sse4.2, popcnt, avx, avx2, aes, clmul, erms, 3dnowpref, lzcnt, tsc, tscinvbit, bmi1, bmi2, adx

/proc/cpuinfo:
processor	: 0
vendor_id	: GenuineIntel
cpu family	: 6
model		: 140
model name	: 11th Gen Intel(R) Core(TM) i5-1135G7 @ 2.40GHz
stepping	: 1
microcode	: 0xffffffff
cpu MHz		: 2419.200
cache size	: 8192 KB
physical id	: 0
siblings	: 1
core id		: 0
cpu cores	: 1
apicid		: 0
initial apicid	: 0
fpu		: yes
fpu_exception	: yes
cpuid level	: 27
wp		: yes
flags		: fpu vme de pse tsc msr pae mce cx8 apic sep mtrr pge mca cmov pat pse36 clflush mmx fxsr sse sse2 ss syscall nx pdpe1gb rdtscp lm constant_tsc arch_perfmon rep_good nopl xtopology tsc_reliable nonstop_tsc cpuid pni pclmulqdq ssse3 fma cx16 pcid sse4_1 sse4_2 x2apic movbe popcnt aes xsave avx f16c rdrand hypervisor lahf_lm abm 3dnowprefetch invpcid_single pti ssbd ibrs ibpb stibp fsgsbase tsc_adjust bmi1 avx2 smep bmi2 erms invpcid avx512f avx512dq rdseed adx smap avx512ifma clflushopt clwb avx512cd sha_ni avx512bw avx512vl xsaveopt xsavec xgetbv1 xsaves arat avx512vbmi umip avx512_vbmi2 gfni vaes vpclmulqdq avx512_vnni avx512_bitalg avx512_vpopcntdq rdpid flush_l1d arch_capabilities
bugs		: cpu_meltdown spectre_v1 spectre_v2 spec_store_bypass l1tf mds swapgs
bogomips	: 4838.40
clflush size	: 64
cache_alignment	: 64
address sizes	: 45 bits physical, 48 bits virtual
power management:

processor	: 1
vendor_id	: GenuineIntel
cpu family	: 6
model		: 140
model name	: 11th Gen Intel(R) Core(TM) i5-1135G7 @ 2.40GHz
stepping	: 1
microcode	: 0xffffffff
cpu MHz		: 2419.200
cache size	: 8192 KB
physical id	: 2
siblings	: 1
core id		: 0
cpu cores	: 1
apicid		: 2
initial apicid	: 2
fpu		: yes
fpu_exception	: yes
cpuid level	: 27
wp		: yes
flags		: fpu vme de pse tsc msr pae mce cx8 apic sep mtrr pge mca cmov pat pse36 clflush mmx fxsr sse sse2 ss syscall nx pdpe1gb rdtscp lm constant_tsc arch_perfmon rep_good nopl xtopology tsc_reliable nonstop_tsc cpuid pni pclmulqdq ssse3 fma cx16 pcid sse4_1 sse4_2 x2apic movbe popcnt aes xsave avx f16c rdrand hypervisor lahf_lm abm 3dnowprefetch invpcid_single pti ssbd ibrs ibpb stibp fsgsbase tsc_adjust bmi1 avx2 smep bmi2 erms invpcid avx512f avx512dq rdseed adx smap avx512ifma clflushopt clwb avx512cd sha_ni avx512bw avx512vl xsaveopt xsavec xgetbv1 xsaves arat avx512vbmi umip avx512_vbmi2 gfni vaes vpclmulqdq avx512_vnni avx512_bitalg avx512_vpopcntdq rdpid flush_l1d arch_capabilities
bugs		: cpu_meltdown spectre_v1 spectre_v2 spec_store_bypass l1tf mds swapgs
bogomips	: 4838.40
clflush size	: 64
cache_alignment	: 64
address sizes	: 45 bits physical, 48 bits virtual
power management:



Memory: 4k page, physical 4015900k(86876k free), swap 998396k(0k free)

vm_info: OpenJDK 64-Bit Server VM (25.292-b10) for linux-amd64 JRE (1.8.0_292-8u292-b10-0ubuntu1~16.04.1-b10), built on Apr 21 2021 12:47:35 by "buildd" with gcc 5.4.0 20160609

time: Sat Mar 16 22:26:20 2024
timezone: CST
elapsed time: 71.245586 seconds (0d 0h 1m 11s)

